VirtualBox VM 5.0.4 r102546 win.amd64 (Sep  8 2015 10:46:49) release log
00:00:01.708043 Log opened 2015-09-09T16:13:12.445030300Z
00:00:01.708044 Build Type: release
00:00:01.708047 OS Product: Windows 8.1
00:00:01.708048 OS Release: 6.3.9600
00:00:01.708048 OS Service Pack: 
00:00:01.734451 DMI Product Name: HP ProBook 6560b (WX752AV)
00:00:01.736859 DMI Product Version: A0001C02
00:00:01.736866 Host RAM: 16278MB total, 9518MB available
00:00:01.736868 Executable: K:\VirtualBox\Portable-VirtualBox\app64\VirtualBox.exe
00:00:01.736869 Process ID: 10384
00:00:01.736869 Package type: WINDOWS_64BITS_GENERIC
00:00:01.739340 Installed Extension Packs:
00:00:01.739359   None installed!
00:00:01.741531 Console: Machine state changed to 'Starting'
00:00:01.743778 GUI: UIMediumEnumerator: Medium-enumeration finished!
00:00:01.827540 SUP: Loaded VMMR0.r0 (K:\VirtualBox\Portable-VirtualBox\app64\VMMR0.r0) at 0xfffff80015aee000 - ModuleInit at fffff80015b0f990 and ModuleTerm at fffff80015b0fe80 using the native ring-0 loader
00:00:01.827567 SUP: VMMR0EntryEx located at fffff80015b128b0 and VMMR0EntryFast at fffff80015b105c0
00:00:01.827573 SUP: windbg> .reload /f K:\VirtualBox\Portable-VirtualBox\app64\VMMR0.r0=0xfffff80015aee000
00:00:01.830900 Guest OS type: 'Linux'
00:00:01.832744 Installed Drivers:
00:00:01.843466   K:\VirtualBox\Portable-VirtualBox\app64\drivers\VBoxDrv\VBoxDrv.sys (Version: 5.0.4.2546)
00:00:01.845435   K:\VirtualBox\Portable-VirtualBox\app64\drivers\USB\filter\VBoxUSBMon.sys (Version: 5.0.4.2546)
00:00:01.856200 File system of 'K:\VirtualBox\Portable-VirtualBox\data\.VirtualBox\Machines\LinuxLive\Snapshots' (snapshots) is fat
00:00:01.856216 File system of 'K:\VirtualBox\Portable-VirtualBox\data\.VirtualBox\Machines\LinuxLive\HardDisks/LinuxLive.vmdk' is fat
00:00:01.856280 Console: VM runtime error: fatal=false, errorID=FatPartitionDetected message="The medium 'K:\VirtualBox\Portable-VirtualBox\data\.VirtualBox\Machines\LinuxLive\HardDisks/LinuxLive.vmdk' has a logical size of 59GB but the file system the medium is located on seems to be FAT(32) which cannot handle files bigger than 4GB.
00:00:01.856283 We strongly recommend to put all your virtual disk images and the snapshot folder onto an NTFS partition"
00:00:01.856581 Console: VM runtime error: fatal=false, errorID=FatPartitionDetected message="The snapshot folder of this VM 'K:\VirtualBox\Portable-VirtualBox\data\.VirtualBox\Machines\LinuxLive\Snapshots' seems to be located on a FAT(32) file system. The logical size of the medium 'K:\VirtualBox\Portable-VirtualBox\data\.VirtualBox\Machines\LinuxLive\HardDisks/LinuxLive.vmdk' (59GB) is bigger than the maximum file size this file system can handle (4GB).
00:00:01.856584 We strongly recommend to put all your virtual disk images and the snapshot folder onto an NTFS partition"
00:00:02.069113 Shared clipboard service loaded
00:00:02.069120 Shared clipboard mode: Off
00:00:02.073851 Drag and drop service loaded
00:00:02.073859 Drag and drop mode: Off
00:00:02.086763 Guest Control service loaded
00:00:02.088840 ************************* CFGM dump *************************
00:00:02.088844 [/] (level 0)
00:00:02.088848   CSAMEnabled       <integer> = 0x0000000000000001 (1)
00:00:02.088850   CpuExecutionCap   <integer> = 0x0000000000000064 (100)
00:00:02.088851   EnablePAE         <integer> = 0x0000000000000001 (1)
00:00:02.088853   HMEnabled         <integer> = 0x0000000000000001 (1)
00:00:02.088854   MemBalloonSize    <integer> = 0x0000000000000000 (0)
00:00:02.088855   Name              <string>  = "LinuxLive" (cb=10)
00:00:02.088856   NumCPUs           <integer> = 0x0000000000000001 (1)
00:00:02.088858   PATMEnabled       <integer> = 0x0000000000000001 (1)
00:00:02.088859   PageFusionAllowed <integer> = 0x0000000000000000 (0)
00:00:02.088860   RamHoleSize       <integer> = 0x0000000020000000 (536 870 912, 512 MB)
00:00:02.088861   RamSize           <integer> = 0x0000000040000000 (1 073 741 824, 1 024 MB)
00:00:02.088863   RawR0Enabled      <integer> = 0x0000000000000001 (1)
00:00:02.088864   RawR3Enabled      <integer> = 0x0000000000000001 (1)
00:00:02.088865   TimerMillies      <integer> = 0x000000000000000a (10)
00:00:02.088866   UUID              <bytes>   = "1e e4 13 1a 4c 88 a8 47 bb c3 9a 07 0f 1b a9 55" (cb=16)
00:00:02.088869 
00:00:02.088869 [/CPUM/] (level 1)
00:00:02.088871   PortableCpuIdLevel <integer> = 0x0000000000000000 (0)
00:00:02.088872 
00:00:02.088872 [/DBGF/] (level 1)
00:00:02.088873   Path <string>  = "K:\VirtualBox\Portable-VirtualBox\data\.VirtualBox\Machines\LinuxLive/debug/;K:\VirtualBox\Portable-VirtualBox\data\.VirtualBox\Machines\LinuxLive/;C:\Users\Thibaut/" (cb=166)
00:00:02.088874 
00:00:02.088875 [/Devices/] (level 1)
00:00:02.088876 
00:00:02.088877 [/Devices/8237A/] (level 2)
00:00:02.088878 
00:00:02.088879 [/Devices/8237A/0/] (level 3)
00:00:02.088881   Trusted <integer> = 0x0000000000000001 (1)
00:00:02.088882 
00:00:02.088882 [/Devices/VMMDev/] (level 2)
00:00:02.088884 
00:00:02.088884 [/Devices/VMMDev/0/] (level 3)
00:00:02.088885   PCIBusNo      <integer> = 0x0000000000000000 (0)
00:00:02.088887   PCIDeviceNo   <integer> = 0x0000000000000004 (4)
00:00:02.088888   PCIFunctionNo <integer> = 0x0000000000000000 (0)
00:00:02.088889   Trusted       <integer> = 0x0000000000000001 (1)
00:00:02.088890 
00:00:02.088890 [/Devices/VMMDev/0/Config/] (level 4)
00:00:02.088892   GuestCoreDumpDir <string>  = "K:\VirtualBox\Portable-VirtualBox\data\.VirtualBox\Machines\LinuxLive\Snapshots" (cb=80)
00:00:02.088894   RamSize          <integer> = 0x0000000040000000 (1 073 741 824, 1 024 MB)
00:00:02.088896 
00:00:02.088896 [/Devices/VMMDev/0/LUN#0/] (level 4)
00:00:02.088898   Driver <string>  = "HGCM" (cb=5)
00:00:02.088899 
00:00:02.088899 [/Devices/VMMDev/0/LUN#0/Config/] (level 5)
00:00:02.088901   Object <integer> = 0x00000000040307a0 (67 307 424)
00:00:02.088903 
00:00:02.088903 [/Devices/VMMDev/0/LUN#999/] (level 4)
00:00:02.088905   Driver <string>  = "MainStatus" (cb=11)
00:00:02.088906 
00:00:02.088907 [/Devices/VMMDev/0/LUN#999/Config/] (level 5)
00:00:02.088909   First   <integer> = 0x0000000000000000 (0)
00:00:02.088910   Last    <integer> = 0x0000000000000000 (0)
00:00:02.088911   papLeds <integer> = 0x0000000004028760 (67 274 592)
00:00:02.088913 
00:00:02.088913 [/Devices/acpi/] (level 2)
00:00:02.088914 
00:00:02.088915 [/Devices/acpi/0/] (level 3)
00:00:02.088916   PCIBusNo      <integer> = 0x0000000000000000 (0)
00:00:02.088917   PCIDeviceNo   <integer> = 0x0000000000000007 (7)
00:00:02.088918   PCIFunctionNo <integer> = 0x0000000000000000 (0)
00:00:02.088919   Trusted       <integer> = 0x0000000000000001 (1)
00:00:02.088920 
00:00:02.088921 [/Devices/acpi/0/Config/] (level 4)
00:00:02.088923   CpuHotPlug        <integer> = 0x0000000000000000 (0)
00:00:02.088924   FdcEnabled        <integer> = 0x0000000000000000 (0)
00:00:02.088924   HostBusPciAddress <integer> = 0x0000000000000000 (0)
00:00:02.088925   HpetEnabled       <integer> = 0x0000000000000000 (0)
00:00:02.088926   IOAPIC            <integer> = 0x0000000000000000 (0)
00:00:02.088927   IocPciAddress     <integer> = 0x0000000000010000 (65 536)
00:00:02.088928   NumCPUs           <integer> = 0x0000000000000001 (1)
00:00:02.088929   RamHoleSize       <integer> = 0x0000000020000000 (536 870 912, 512 MB)
00:00:02.088931   RamSize           <integer> = 0x0000000040000000 (1 073 741 824, 1 024 MB)
00:00:02.088933   Serial0IoPortBase <integer> = 0x0000000000000000 (0)
00:00:02.088934   Serial0Irq        <integer> = 0x0000000000000000 (0)
00:00:02.088935   Serial1IoPortBase <integer> = 0x0000000000000000 (0)
00:00:02.088936   Serial1Irq        <integer> = 0x0000000000000000 (0)
00:00:02.088936   ShowCpu           <integer> = 0x0000000000000000 (0)
00:00:02.088937   ShowRtc           <integer> = 0x0000000000000000 (0)
00:00:02.088938   SmcEnabled        <integer> = 0x0000000000000000 (0)
00:00:02.088939 
00:00:02.088939 [/Devices/acpi/0/LUN#0/] (level 4)
00:00:02.088940   Driver <string>  = "ACPIHost" (cb=9)
00:00:02.088941 
00:00:02.088942 [/Devices/acpi/0/LUN#0/Config/] (level 5)
00:00:02.088944 
00:00:02.088944 [/Devices/apic/] (level 2)
00:00:02.088946 
00:00:02.088946 [/Devices/apic/0/] (level 3)
00:00:02.088948   Trusted <integer> = 0x0000000000000001 (1)
00:00:02.088949 
00:00:02.088949 [/Devices/apic/0/Config/] (level 4)
00:00:02.088951   IOAPIC  <integer> = 0x0000000000000000 (0)
00:00:02.088952   NumCPUs <integer> = 0x0000000000000001 (1)
00:00:02.088953 
00:00:02.088953 [/Devices/e1000/] (level 2)
00:00:02.088954 
00:00:02.088955 [/Devices/i8254/] (level 2)
00:00:02.088956 
00:00:02.088956 [/Devices/i8254/0/] (level 3)
00:00:02.088958 
00:00:02.088958 [/Devices/i8254/0/Config/] (level 4)
00:00:02.088960 
00:00:02.088960 [/Devices/i8259/] (level 2)
00:00:02.088962 
00:00:02.088962 [/Devices/i8259/0/] (level 3)
00:00:02.088964   Trusted <integer> = 0x0000000000000001 (1)
00:00:02.088964 
00:00:02.088965 [/Devices/i8259/0/Config/] (level 4)
00:00:02.088966 
00:00:02.088966 [/Devices/ichac97/] (level 2)
00:00:02.088968 
00:00:02.088968 [/Devices/ichac97/0/] (level 3)
00:00:02.088970   PCIBusNo      <integer> = 0x0000000000000000 (0)
00:00:02.088971   PCIDeviceNo   <integer> = 0x0000000000000005 (5)
00:00:02.088972   PCIFunctionNo <integer> = 0x0000000000000000 (0)
00:00:02.088973   Trusted       <integer> = 0x0000000000000001 (1)
00:00:02.088974 
00:00:02.088975 [/Devices/ichac97/0/AudioConfig/] (level 4)
00:00:02.088976 
00:00:02.088977 [/Devices/ichac97/0/Config/] (level 4)
00:00:02.088979   Codec <string>  = "STAC9700" (cb=9)
00:00:02.088979 
00:00:02.088980 [/Devices/ichac97/0/LUN#0/] (level 4)
00:00:02.088982   Driver <string>  = "AUDIO" (cb=6)
00:00:02.088983 
00:00:02.088983 [/Devices/ichac97/0/LUN#0/AttachedDriver/] (level 5)
00:00:02.088985   Driver <string>  = "DSoundAudio" (cb=12)
00:00:02.088985 
00:00:02.088986 [/Devices/ichac97/0/LUN#0/AttachedDriver/Config/] (level 6)
00:00:02.088987   StreamName <string>  = "LinuxLive" (cb=10)
00:00:02.088988 
00:00:02.088988 [/Devices/ichac97/0/LUN#0/Config/] (level 5)
00:00:02.088989 
00:00:02.088990 [/Devices/ichac97/0/LUN#1/] (level 4)
00:00:02.088991   Driver <string>  = "AUDIO" (cb=6)
00:00:02.088992 
00:00:02.088992 [/Devices/ichac97/0/LUN#1/AttachedDriver/] (level 5)
00:00:02.088994   Driver <string>  = "AudioVRDE" (cb=10)
00:00:02.088995 
00:00:02.088996 [/Devices/ichac97/0/LUN#1/AttachedDriver/Config/] (level 6)
00:00:02.088997   AudioDriver      <string>  = "AudioVRDE" (cb=10)
00:00:02.088998   Object           <integer> = 0x00000000023a0180 (37 355 904)
00:00:02.088999   ObjectVRDPServer <integer> = 0x00000000023a07a0 (37 357 472)
00:00:02.089000   StreamName       <string>  = "LinuxLive" (cb=10)
00:00:02.089002 
00:00:02.089002 [/Devices/mc146818/] (level 2)
00:00:02.089003 
00:00:02.089004 [/Devices/mc146818/0/] (level 3)
00:00:02.089006 
00:00:02.089006 [/Devices/mc146818/0/Config/] (level 4)
00:00:02.089007   UseUTC <integer> = 0x0000000000000001 (1)
00:00:02.089008 
00:00:02.089008 [/Devices/parallel/] (level 2)
00:00:02.089009 
00:00:02.089009 [/Devices/pcarch/] (level 2)
00:00:02.089010 
00:00:02.089010 [/Devices/pcarch/0/] (level 3)
00:00:02.089012   Trusted <integer> = 0x0000000000000001 (1)
00:00:02.089012 
00:00:02.089013 [/Devices/pcarch/0/Config/] (level 4)
00:00:02.089014 
00:00:02.089014 [/Devices/pcbios/] (level 2)
00:00:02.089016 
00:00:02.089016 [/Devices/pcbios/0/] (level 3)
00:00:02.089018   Trusted <integer> = 0x0000000000000001 (1)
00:00:02.089019 
00:00:02.089019 [/Devices/pcbios/0/Config/] (level 4)
00:00:02.089021   BootDevice0    <string>  = "FLOPPY" (cb=7)
00:00:02.089023   BootDevice1    <string>  = "DVD" (cb=4)
00:00:02.089024   BootDevice2    <string>  = "IDE" (cb=4)
00:00:02.089024   BootDevice3    <string>  = "NONE" (cb=5)
00:00:02.089025   FloppyDevice   <string>  = "i82078" (cb=7)
00:00:02.089026   HardDiskDevice <string>  = "piix3ide" (cb=9)
00:00:02.089027   IOAPIC         <integer> = 0x0000000000000000 (0)
00:00:02.089028   McfgBase       <integer> = 0x0000000000000000 (0)
00:00:02.089029   McfgLength     <integer> = 0x0000000000000000 (0)
00:00:02.089030   NumCPUs        <integer> = 0x0000000000000001 (1)
00:00:02.089031   PXEDebug       <integer> = 0x0000000000000000 (0)
00:00:02.089032   RamHoleSize    <integer> = 0x0000000020000000 (536 870 912, 512 MB)
00:00:02.089034   RamSize        <integer> = 0x0000000040000000 (1 073 741 824, 1 024 MB)
00:00:02.089036   UUID           <bytes>   = "1e e4 13 1a 4c 88 a8 47 bb c3 9a 07 0f 1b a9 55" (cb=16)
00:00:02.089040 
00:00:02.089041 [/Devices/pcbios/0/Config/NetBoot/] (level 5)
00:00:02.089043 
00:00:02.089043 [/Devices/pcbios/0/Config/NetBoot/0/] (level 6)
00:00:02.089045   NIC           <integer> = 0x0000000000000000 (0)
00:00:02.089046   PCIBusNo      <integer> = 0x0000000000000000 (0)
00:00:02.089047   PCIDeviceNo   <integer> = 0x0000000000000003 (3)
00:00:02.089048   PCIFunctionNo <integer> = 0x0000000000000000 (0)
00:00:02.089049 
00:00:02.089050 [/Devices/pci/] (level 2)
00:00:02.089051 
00:00:02.089052 [/Devices/pci/0/] (level 3)
00:00:02.089053   Trusted <integer> = 0x0000000000000001 (1)
00:00:02.089054 
00:00:02.089054 [/Devices/pci/0/Config/] (level 4)
00:00:02.089056   IOAPIC <integer> = 0x0000000000000000 (0)
00:00:02.089057 
00:00:02.089057 [/Devices/pckbd/] (level 2)
00:00:02.089058 
00:00:02.089058 [/Devices/pckbd/0/] (level 3)
00:00:02.089059   Trusted <integer> = 0x0000000000000001 (1)
00:00:02.089060 
00:00:02.089061 [/Devices/pckbd/0/Config/] (level 4)
00:00:02.089062 
00:00:02.089062 [/Devices/pckbd/0/LUN#0/] (level 4)
00:00:02.089064   Driver <string>  = "KeyboardQueue" (cb=14)
00:00:02.089065 
00:00:02.089065 [/Devices/pckbd/0/LUN#0/AttachedDriver/] (level 5)
00:00:02.089068   Driver <string>  = "MainKeyboard" (cb=13)
00:00:02.089069 
00:00:02.089069 [/Devices/pckbd/0/LUN#0/AttachedDriver/Config/] (level 6)
00:00:02.089071   Object <integer> = 0x000000000231f480 (36 828 288)
00:00:02.089073 
00:00:02.089073 [/Devices/pckbd/0/LUN#0/Config/] (level 5)
00:00:02.089075   QueueSize <integer> = 0x0000000000000040 (64)
00:00:02.089076 
00:00:02.089076 [/Devices/pckbd/0/LUN#1/] (level 4)
00:00:02.089078   Driver <string>  = "MouseQueue" (cb=11)
00:00:02.089078 
00:00:02.089079 [/Devices/pckbd/0/LUN#1/AttachedDriver/] (level 5)
00:00:02.089080   Driver <string>  = "MainMouse" (cb=10)
00:00:02.089081 
00:00:02.089081 [/Devices/pckbd/0/LUN#1/AttachedDriver/Config/] (level 6)
00:00:02.089083   Object <integer> = 0x0000000003ffbaa0 (67 091 104)
00:00:02.089085 
00:00:02.089085 [/Devices/pckbd/0/LUN#1/Config/] (level 5)
00:00:02.089087   QueueSize <integer> = 0x0000000000000080 (128)
00:00:02.089088 
00:00:02.089088 [/Devices/pcnet/] (level 2)
00:00:02.089089 
00:00:02.089090 [/Devices/pcnet/0/] (level 3)
00:00:02.089091   PCIBusNo      <integer> = 0x0000000000000000 (0)
00:00:02.089092   PCIDeviceNo   <integer> = 0x0000000000000003 (3)
00:00:02.089093   PCIFunctionNo <integer> = 0x0000000000000000 (0)
00:00:02.089095   Trusted       <integer> = 0x0000000000000001 (1)
00:00:02.089096 
00:00:02.089096 [/Devices/pcnet/0/Config/] (level 4)
00:00:02.089098   Am79C973       <integer> = 0x0000000000000001 (1)
00:00:02.089099   CableConnected <integer> = 0x0000000000000001 (1)
00:00:02.089100   LineSpeed      <integer> = 0x0000000000000000 (0)
00:00:02.089101   MAC            <bytes>   = "08 00 27 ca 08 6e" (cb=6)
00:00:02.089107 
00:00:02.089107 [/Devices/pcnet/0/LUN#0/] (level 4)
00:00:02.089109   Driver <string>  = "NAT" (cb=4)
00:00:02.089110 
00:00:02.089110 [/Devices/pcnet/0/LUN#0/Config/] (level 5)
00:00:02.089112   AliasMode       <integer> = 0x0000000000000000 (0)
00:00:02.089114   BootFile        <string>  = "LinuxLive.pxe" (cb=14)
00:00:02.089115   DNSProxy        <integer> = 0x0000000000000000 (0)
00:00:02.089116   Network         <string>  = "10.0.2.0/24" (cb=12)
00:00:02.089117   PassDomain      <integer> = 0x0000000000000001 (1)
00:00:02.089118   TFTPPrefix      <string>  = "K:\VirtualBox\Portable-VirtualBox\data\.VirtualBox\TFTP" (cb=56)
00:00:02.089119   UseHostResolver <integer> = 0x0000000000000000 (0)
00:00:02.089120 
00:00:02.089121 [/Devices/pcnet/0/LUN#999/] (level 4)
00:00:02.089122   Driver <string>  = "MainStatus" (cb=11)
00:00:02.089123 
00:00:02.089123 [/Devices/pcnet/0/LUN#999/Config/] (level 5)
00:00:02.089125   First   <integer> = 0x0000000000000000 (0)
00:00:02.089126   Last    <integer> = 0x0000000000000000 (0)
00:00:02.089127   papLeds <integer> = 0x0000000004028640 (67 274 304)
00:00:02.089128 
00:00:02.089129 [/Devices/piix3ide/] (level 2)
00:00:02.089130 
00:00:02.089130 [/Devices/piix3ide/0/] (level 3)
00:00:02.089132   PCIBusNo      <integer> = 0x0000000000000000 (0)
00:00:02.089133   PCIDeviceNo   <integer> = 0x0000000000000001 (1)
00:00:02.089134   PCIFunctionNo <integer> = 0x0000000000000001 (1)
00:00:02.089135   Trusted       <integer> = 0x0000000000000001 (1)
00:00:02.089136 
00:00:02.089137 [/Devices/piix3ide/0/Config/] (level 4)
00:00:02.089139   Type <string>  = "PIIX4" (cb=6)
00:00:02.089140 
00:00:02.089140 [/Devices/piix3ide/0/Config/PrimaryMaster/] (level 5)
00:00:02.089142   NonRotationalMedium <integer> = 0x0000000000000000 (0)
00:00:02.089143 
00:00:02.089143 [/Devices/piix3ide/0/LUN#0/] (level 4)
00:00:02.089145   Driver <string>  = "Block" (cb=6)
00:00:02.089146 
00:00:02.089146 [/Devices/piix3ide/0/LUN#0/AttachedDriver/] (level 5)
00:00:02.089148   Driver <string>  = "VD" (cb=3)
00:00:02.089149 
00:00:02.089150 [/Devices/piix3ide/0/LUN#0/AttachedDriver/Config/] (level 6)
00:00:02.089152   Format <string>  = "VMDK" (cb=5)
00:00:02.089153   Path   <string>  = "K:\VirtualBox\Portable-VirtualBox\data\.VirtualBox\Machines\LinuxLive\HardDisks/LinuxLive.vmdk" (cb=95)
00:00:02.089154   Type   <string>  = "HardDisk" (cb=9)
00:00:02.089155 
00:00:02.089155 [/Devices/piix3ide/0/LUN#0/Config/] (level 5)
00:00:02.089157   Mountable <integer> = 0x0000000000000000 (0)
00:00:02.089158   Type      <string>  = "HardDisk" (cb=9)
00:00:02.089159 
00:00:02.089159 [/Devices/piix3ide/0/LUN#999/] (level 4)
00:00:02.089161   Driver <string>  = "MainStatus" (cb=11)
00:00:02.089162 
00:00:02.089162 [/Devices/piix3ide/0/LUN#999/Config/] (level 5)
00:00:02.089164   DeviceInstance        <string>  = "piix3ide/0" (cb=11)
00:00:02.089165   First                 <integer> = 0x0000000000000000 (0)
00:00:02.089166   Last                  <integer> = 0x0000000000000003 (3)
00:00:02.089167   pConsole              <integer> = 0x00000000040280e0 (67 272 928)
00:00:02.089169   papLeds               <integer> = 0x0000000004028430 (67 273 776)
00:00:02.089176   pmapMediumAttachments <integer> = 0x0000000004028780 (67 274 624)
00:00:02.089177 
00:00:02.089177 [/Devices/serial/] (level 2)
00:00:02.089181 
00:00:02.089183 [/Devices/usb-ohci/] (level 2)
00:00:02.089186 
00:00:02.089187 [/Devices/usb-ohci/0/] (level 3)
00:00:02.089189   PCIBusNo      <integer> = 0x0000000000000000 (0)
00:00:02.089192   PCIDeviceNo   <integer> = 0x0000000000000006 (6)
00:00:02.089193   PCIFunctionNo <integer> = 0x0000000000000000 (0)
00:00:02.089194   Trusted       <integer> = 0x0000000000000001 (1)
00:00:02.089195 
00:00:02.089196 [/Devices/usb-ohci/0/Config/] (level 4)
00:00:02.089197 
00:00:02.089198 [/Devices/usb-ohci/0/LUN#0/] (level 4)
00:00:02.089199   Driver <string>  = "VUSBRootHub" (cb=12)
00:00:02.089201 
00:00:02.089201 [/Devices/usb-ohci/0/LUN#0/Config/] (level 5)
00:00:02.089207 
00:00:02.089208 [/Devices/usb-ohci/0/LUN#999/] (level 4)
00:00:02.089209   Driver <string>  = "MainStatus" (cb=11)
00:00:02.089210 
00:00:02.089210 [/Devices/usb-ohci/0/LUN#999/Config/] (level 5)
00:00:02.089213   First   <integer> = 0x0000000000000000 (0)
00:00:02.089214   Last    <integer> = 0x0000000000000000 (0)
00:00:02.089215   papLeds <integer> = 0x0000000004028768 (67 274 600)
00:00:02.089216 
00:00:02.089217 [/Devices/vga/] (level 2)
00:00:02.089218 
00:00:02.089218 [/Devices/vga/0/] (level 3)
00:00:02.089220   PCIBusNo      <integer> = 0x0000000000000000 (0)
00:00:02.089221   PCIDeviceNo   <integer> = 0x0000000000000002 (2)
00:00:02.089222   PCIFunctionNo <integer> = 0x0000000000000000 (0)
00:00:02.089223   Trusted       <integer> = 0x0000000000000001 (1)
00:00:02.089224 
00:00:02.089224 [/Devices/vga/0/Config/] (level 4)
00:00:02.089226   CustomVideoModes <integer> = 0x0000000000000000 (0)
00:00:02.089227   FadeIn           <integer> = 0x0000000000000001 (1)
00:00:02.089229   FadeOut          <integer> = 0x0000000000000001 (1)
00:00:02.089229   HeightReduction  <integer> = 0x0000000000000000 (0)
00:00:02.089230   LogoFile         <string>  = "" (cb=1)
00:00:02.089231   LogoTime         <integer> = 0x0000000000000000 (0)
00:00:02.089232   MonitorCount     <integer> = 0x0000000000000001 (1)
00:00:02.089233   ShowBootMenu     <integer> = 0x0000000000000002 (2)
00:00:02.089235   VRamSize         <integer> = 0x0000000001800000 (25 165 824, 24 MB)
00:00:02.089236 
00:00:02.089237 [/Devices/vga/0/LUN#0/] (level 4)
00:00:02.089238   Driver <string>  = "MainDisplay" (cb=12)
00:00:02.089239 
00:00:02.089240 [/Devices/vga/0/LUN#0/Config/] (level 5)
00:00:02.089241   Object <integer> = 0x0000000004032fa0 (67 317 664)
00:00:02.089243 
00:00:02.089243 [/Devices/vga/0/LUN#999/] (level 4)
00:00:02.089245   Driver <string>  = "MainStatus" (cb=11)
00:00:02.089245 
00:00:02.089246 [/Devices/vga/0/LUN#999/Config/] (level 5)
00:00:02.089248   First   <integer> = 0x0000000000000000 (0)
00:00:02.089249   Last    <integer> = 0x0000000000000000 (0)
00:00:02.089250   papLeds <integer> = 0x0000000004028778 (67 274 616)
00:00:02.089251 
00:00:02.089251 [/Devices/virtio-net/] (level 2)
00:00:02.089252 
00:00:02.089253 [/EM/] (level 1)
00:00:02.089253   TripleFaultReset <integer> = 0x0000000000000000 (0)
00:00:02.089254 
00:00:02.089254 [/GIM/] (level 1)
00:00:02.089255   Provider <string>  = "None" (cb=5)
00:00:02.089256 
00:00:02.089257 [/HM/] (level 1)
00:00:02.089258   64bitEnabled       <integer> = 0x0000000000000000 (0)
00:00:02.089259   EnableLargePages   <integer> = 0x0000000000000001 (1)
00:00:02.089260   EnableNestedPaging <integer> = 0x0000000000000001 (1)
00:00:02.089261   EnableUX           <integer> = 0x0000000000000001 (1)
00:00:02.089262   EnableVPID         <integer> = 0x0000000000000001 (1)
00:00:02.089263   Exclusive          <integer> = 0x0000000000000000 (0)
00:00:02.089264   HMForced           <integer> = 0x0000000000000000 (0)
00:00:02.089265 
00:00:02.089265 [/MM/] (level 1)
00:00:02.089266   CanUseLargerHeap <integer> = 0x0000000000000000 (0)
00:00:02.089267 
00:00:02.089267 [/PDM/] (level 1)
00:00:02.089268 
00:00:02.089269 [/PDM/AsyncCompletion/] (level 2)
00:00:02.089270 
00:00:02.089270 [/PDM/AsyncCompletion/File/] (level 3)
00:00:02.089272 
00:00:02.089272 [/PDM/AsyncCompletion/File/BwGroups/] (level 4)
00:00:02.089274 
00:00:02.089274 [/PDM/BlkCache/] (level 2)
00:00:02.089276   CacheSize <integer> = 0x0000000000500000 (5 242 880, 5 MB)
00:00:02.089277 
00:00:02.089278 [/PDM/Devices/] (level 2)
00:00:02.089279 
00:00:02.089279 [/PDM/Drivers/] (level 2)
00:00:02.089281 
00:00:02.089281 [/PDM/Drivers/VBoxC/] (level 3)
00:00:02.089283   Path <string>  = "VBoxC" (cb=6)
00:00:02.089283 
00:00:02.089284 [/PDM/NetworkShaper/] (level 2)
00:00:02.089284 
00:00:02.089285 [/PDM/NetworkShaper/BwGroups/] (level 3)
00:00:02.089286 
00:00:02.089287 [/TM/] (level 1)
00:00:02.089288   UTCOffset <integer> = 0x0000000000000000 (0)
00:00:02.089289 
00:00:02.089289 [/USB/] (level 1)
00:00:02.089290 
00:00:02.089291 [/USB/USBProxy/] (level 2)
00:00:02.089292 
00:00:02.089292 [/USB/USBProxy/GlobalConfig/] (level 3)
00:00:02.089293 
00:00:02.089294 ********************* End of CFGM dump **********************
00:00:02.089308 VM: fHMEnabled=true  (configured) fRecompileUser=false fRecompileSupervisor=false
00:00:02.089311 VM: fRawRing1Enabled=false CSAM=true  PATM=true 
00:00:02.089427 HM: HMR3Init: VT-x w/ nested paging and unrestricted guest execution hw support
00:00:02.089500 MM: cbHyperHeap=0x100000 (1048576)
00:00:02.091371 CPUM: fXStateHostMask=0x7; initial: 0x7; host XCR0=0x7
00:00:02.092461 CPUM: Matched host CPU INTEL 0x6/0x2a/0x7 Intel_Core7_SandyBridge with CPU DB entry 'Intel Core i7-2635QM' (INTEL 0x6/0x2a/0x7 Intel_Core7_SandyBridge)
00:00:02.092571 CPUM: SetGuestCpuIdFeature: Enabled PAE
00:00:02.094265 PGM: HCPhysInterPD=00000000b9ca1000 HCPhysInterPaePDPT=00000000b9c9e000 HCPhysInterPaePML4=00000000b9c9c000
00:00:02.094284 PGM: apInterPTs={00000000b9ca0000,00000000b9c9f000} apInterPaePTs={00000003d56cb000,00000002db8cc000} apInterPaePDs={0000000369d0d000,000000041eb8f000,0000000287b4d000,00000003981cf000} pInterPaePDPT64=00000000b9c9d000
00:00:02.094293 PGM: Host paging mode: AMD64+PGE+NX
00:00:02.094304 PGM: PGMPool: cMaxPages=560 (u64MaxPages=545)
00:00:02.094308 PGM: pgmR3PoolInit: cMaxPages=0x230 cMaxUsers=0x460 cMaxPhysExts=0x460 fCacheEnable=true 
00:00:02.108143 TM: GIP - u32Mode=3 (Invariant) u32UpdateHz=93 u32UpdateIntervalNS=10752500 enmUseTscDelta=2 (Pratically Zero) fGetGipCpu=0x1 cCpus=4
00:00:02.108167 TM: GIP - u64CpuHz=2 594 117 453 (0x9a9f174d)  SUPGetCpuHzFromGip => 2 594 117 453
00:00:02.108172 TM: GIP - CPU: iCpuSet=0x0 idCpu=0x0 idApic=0x0 iGipCpu=0x2 i64TSCDelta=0 enmState=3 u64CpuHz=2594109592(*) cErrors=0
00:00:02.108176 TM: GIP - CPU: iCpuSet=0x1 idCpu=0x1 idApic=0x1 iGipCpu=0x3 i64TSCDelta=0 enmState=3 u64CpuHz=2594117453(*) cErrors=0
00:00:02.108179 TM: GIP - CPU: iCpuSet=0x2 idCpu=0x2 idApic=0x2 iGipCpu=0x0 i64TSCDelta=0 enmState=3 u64CpuHz=2594117453(*) cErrors=0
00:00:02.108181 TM: GIP - CPU: iCpuSet=0x3 idCpu=0x3 idApic=0x3 iGipCpu=0x1 i64TSCDelta=0 enmState=3 u64CpuHz=2594127360(*) cErrors=0
00:00:02.108248 TM: cTSCTicksPerSecond=2 594 117 453 (0x9a9f174d) enmTSCMode=3 (Dynamic)
00:00:02.108250 TM: TSCTiedToExecution=false TSCNotTiedToHalt=false
00:00:02.108755 VMM: CoreCode: R3=0000000007fb0000 R0=ffffd00024360000 RC=a0556000 Phys=00000000b9c7e000 cb=0x1000
00:00:02.109048 GIM: Using provider 'None' (Implementation version: 0)
00:00:02.109103 AIOMgr: Default manager type is 'Async'
00:00:02.109107 AIOMgr: Default file backend is 'NonBuffered'
00:00:02.109242 BlkCache: Cache successfully initialized. Cache size is 5242880 bytes
00:00:02.109249 BlkCache: Cache commit interval is 10000 ms
00:00:02.109251 BlkCache: Cache commit threshold is 2621440 bytes
00:00:02.307672 PcBios: [SMP] BIOS with 1 CPUs
00:00:02.320238 SUP: Loaded VBoxDDR0.r0 (K:\VirtualBox\Portable-VirtualBox\app64\VBoxDDR0.r0) at 0xfffff80015c13000 - ModuleInit at 0000000000000000 and ModuleTerm at 0000000000000000 using the native ring-0 loader
00:00:02.320258 SUP: windbg> .reload /f K:\VirtualBox\Portable-VirtualBox\app64\VBoxDDR0.r0=0xfffff80015c13000
00:00:02.327438 SUP: Loaded VBoxDD2R0.r0 (K:\VirtualBox\Portable-VirtualBox\app64\VBoxDD2R0.r0) at 0xfffff80015c3b000 - ModuleInit at 0000000000000000 and ModuleTerm at 0000000000000000 using the native ring-0 loader
00:00:02.327459 SUP: windbg> .reload /f K:\VirtualBox\Portable-VirtualBox\app64\VBoxDD2R0.r0=0xfffff80015c3b000
00:00:02.327603 APIC: Activating Local APIC
00:00:02.327607 CPUM: SetGuestCpuIdFeature: Enabled APIC
00:00:02.327992 PIT: mode=3 count=0x10000 (65536) - 18.20 Hz (ch=0)
00:00:02.334640 Shared Folders service loaded
00:00:02.347673 DrvBlock: Flushes will be ignored
00:00:02.347693 DrvBlock: Async flushes will be passed to the disk
00:00:02.348066 VD: VDInit finished
00:00:02.348439 VD: Opening the disk took 720354 ns
00:00:02.348622 PIIX3 ATA: LUN#0: disk, PCHS=16383/16/63, total number of sectors 125045424
00:00:02.348633 PIIX3 ATA: LUN#1: no unit
00:00:02.348693 PIIX3 ATA: LUN#2: no unit
00:00:02.348698 PIIX3 ATA: LUN#3: no unit
00:00:02.348728 PIIX3 ATA: Ctl#0: finished processing RESET
00:00:02.348761 PIIX3 ATA: Ctl#1: finished processing RESET
00:00:02.361948 NAT: DNS#0: 8.8.8.8
00:00:02.361965 NAT: DNS#1: 8.8.4.4
00:00:02.362602 Audio: Initializing DirectSound audio driver
00:00:02.395408 DSound: Output: GUID: {5E4A6651-41EE-4BB3-B011-C8E5771E69ED} [Haut-parleurs (Périphérique High Definition Audio)] (Module: {0.0.0.00000000}.{5e4a6651-41ee-4bb3-b011-c8e5771e69ed})
00:00:02.395430 DSound: Found 1 host playback devices
00:00:02.484772 DSound: Input: GUID: {8964DE41-9726-4B5A-A459-4A32E5751D67} [Microphone (Périphérique High Definition Audio)] (Module: {0.0.1.00000000}.{8964de41-9726-4b5a-a459-4a32e5751d67})
00:00:02.484787 DSound: Found 1 host capturing devices
00:00:02.484791 DSound: Adjusting the number of host capturing devices from 1 to 2
00:00:02.485058 Audio: Initializing VRDE driver
00:00:02.485170 DSound: Guest "Line In" is using host device with GUID: <GUID not found>
00:00:02.520976 DSound: Guest "Microphone In" is using host device with GUID: {8964DE41-9726-4B5A-A459-4A32E5751D67}
00:00:02.525785 PcBios: ATA LUN#0 LCHS=1024/255/63
00:00:02.525877 PGM: The CPU physical address width is 36 bits
00:00:02.525882 PGM: PGMR3InitFinalize: 4 MB PSE mask 0000000fffffffff
00:00:02.526057 TM: TMR3InitFinalize: fTSCModeSwitchAllowed=false
00:00:02.552601 VMM: Thread-context hooks unavailable
00:00:02.553797 HM: Using VT-x implementation 2.0!
00:00:02.553799 HM: Host CR4                        = 0x406f8
00:00:02.553801 HM: Host EFER                       = 0xd01
00:00:02.553802 HM: MSR_IA32_FEATURE_CONTROL        = 0x7
00:00:02.553803 HM: MSR_IA32_VMX_BASIC_INFO         = 0xda040000000010
00:00:02.553804 HM:   VMCS id                             = 0x10
00:00:02.553805 HM:   VMCS size                           = 1024 bytes
00:00:02.553805 HM:   VMCS physical address limit         = None
00:00:02.553806 HM:   VMCS memory type                    = 0x6
00:00:02.553807 HM:   Dual-monitor treatment support      = true 
00:00:02.553807 HM:   OUTS & INS instruction-info         = true 
00:00:02.553808 HM: Max resume loops                = 1024
00:00:02.553809 HM: MSR_IA32_VMX_PINBASED_CTLS      = 0x7f00000016
00:00:02.553809 HM:   VMX_VMCS_CTRL_PIN_EXEC_EXT_INT_EXIT
00:00:02.553810 HM:   VMX_VMCS_CTRL_PIN_EXEC_NMI_EXIT
00:00:02.553810 HM:   VMX_VMCS_CTRL_PIN_EXEC_VIRTUAL_NMI
00:00:02.553811 HM:   VMX_VMCS_CTRL_PIN_EXEC_PREEMPT_TIMER
00:00:02.553812 HM: MSR_IA32_VMX_PROCBASED_CTLS     = 0xfff9fffe0401e172
00:00:02.553814 HM:   VMX_VMCS_CTRL_PROC_EXEC_INT_WINDOW_EXIT
00:00:02.553814 HM:   VMX_VMCS_CTRL_PROC_EXEC_USE_TSC_OFFSETTING
00:00:02.553814 HM:   VMX_VMCS_CTRL_PROC_EXEC_HLT_EXIT
00:00:02.553815 HM:   VMX_VMCS_CTRL_PROC_EXEC_INVLPG_EXIT
00:00:02.553815 HM:   VMX_VMCS_CTRL_PROC_EXEC_MWAIT_EXIT
00:00:02.553816 HM:   VMX_VMCS_CTRL_PROC_EXEC_RDPMC_EXIT
00:00:02.553816 HM:   VMX_VMCS_CTRL_PROC_EXEC_RDTSC_EXIT
00:00:02.553817 HM:   VMX_VMCS_CTRL_PROC_EXEC_CR3_LOAD_EXIT (must be set)
00:00:02.553817 HM:   VMX_VMCS_CTRL_PROC_EXEC_CR3_STORE_EXIT (must be set)
00:00:02.553817 HM:   VMX_VMCS_CTRL_PROC_EXEC_CR8_LOAD_EXIT
00:00:02.553818 HM:   VMX_VMCS_CTRL_PROC_EXEC_CR8_STORE_EXIT
00:00:02.553818 HM:   VMX_VMCS_CTRL_PROC_EXEC_USE_TPR_SHADOW
00:00:02.553819 HM:   VMX_VMCS_CTRL_PROC_EXEC_NMI_WINDOW_EXIT
00:00:02.553819 HM:   VMX_VMCS_CTRL_PROC_EXEC_MOV_DR_EXIT
00:00:02.553819 HM:   VMX_VMCS_CTRL_PROC_EXEC_UNCOND_IO_EXIT
00:00:02.553820 HM:   VMX_VMCS_CTRL_PROC_EXEC_USE_IO_BITMAPS
00:00:02.553820 HM:   VMX_VMCS_CTRL_PROC_EXEC_MONITOR_TRAP_FLAG
00:00:02.553820 HM:   VMX_VMCS_CTRL_PROC_EXEC_USE_MSR_BITMAPS
00:00:02.553821 HM:   VMX_VMCS_CTRL_PROC_EXEC_MONITOR_EXIT
00:00:02.553821 HM:   VMX_VMCS_CTRL_PROC_EXEC_PAUSE_EXIT
00:00:02.553822 HM:   VMX_VMCS_CTRL_PROC_EXEC_USE_SECONDARY_EXEC_CTRL
00:00:02.553822 HM: MSR_IA32_VMX_PROCBASED_CTLS2    = 0xff00000000
00:00:02.553823 HM:   VMX_VMCS_CTRL_PROC_EXEC2_VIRT_APIC
00:00:02.553824 HM:   VMX_VMCS_CTRL_PROC_EXEC2_EPT
00:00:02.553825 HM:   VMX_VMCS_CTRL_PROC_EXEC2_DESCRIPTOR_TABLE_EXIT
00:00:02.553825 HM:   VMX_VMCS_CTRL_PROC_EXEC2_RDTSCP
00:00:02.553826 HM:   VMX_VMCS_CTRL_PROC_EXEC2_VIRT_X2APIC
00:00:02.553826 HM:   VMX_VMCS_CTRL_PROC_EXEC2_VPID
00:00:02.553826 HM:   VMX_VMCS_CTRL_PROC_EXEC2_WBINVD_EXIT
00:00:02.553827 HM:   VMX_VMCS_CTRL_PROC_EXEC2_UNRESTRICTED_GUEST
00:00:02.553827 HM:   VMX_VMCS_CTRL_PROC_EXEC2_PAUSE_LOOP_EXIT (must be cleared)
00:00:02.553828 HM:   VMX_VMCS_CTRL_PROC_EXEC2_RDRAND_EXIT (must be cleared)
00:00:02.553828 HM:   VMX_VMCS_CTRL_PROC_EXEC2_INVPCID (must be cleared)
00:00:02.553830 HM:   VMX_VMCS_CTRL_PROC_EXEC2_VMFUNC (must be cleared)
00:00:02.553830 HM:   VMX_VMCS_CTRL_PROC_EXEC2_VMCS_SHADOWING (must be cleared)
00:00:02.553831 HM:   VMX_VMCS_CTRL_PROC_EXEC2_RDSEED_EXIT (must be cleared)
00:00:02.553831 HM:   VMX_VMCS_CTRL_PROC_EXEC2_EPT_VE (must be cleared)
00:00:02.553831 HM:   VMX_VMCS_CTRL_PROC_EXEC2_XSAVES (must be cleared)
00:00:02.553832 HM: MSR_IA32_VMX_ENTRY_CTLS         = 0xffff000011ff
00:00:02.553833 HM:   VMX_VMCS_CTRL_ENTRY_LOAD_DEBUG (must be set)
00:00:02.553833 HM:   VMX_VMCS_CTRL_ENTRY_IA32E_MODE_GUEST
00:00:02.553834 HM:   VMX_VMCS_CTRL_ENTRY_ENTRY_SMM
00:00:02.553834 HM:   VMX_VMCS_CTRL_ENTRY_DEACTIVATE_DUALMON
00:00:02.553834 HM:   VMX_VMCS_CTRL_ENTRY_LOAD_GUEST_PERF_MSR
00:00:02.553835 HM:   VMX_VMCS_CTRL_ENTRY_LOAD_GUEST_PAT_MSR
00:00:02.553835 HM:   VMX_VMCS_CTRL_ENTRY_LOAD_GUEST_EFER_MSR
00:00:02.553836 HM: MSR_IA32_VMX_EXIT_CTLS          = 0x7fffff00036dff
00:00:02.553837 HM:   VMX_VMCS_CTRL_EXIT_SAVE_DEBUG (must be set)
00:00:02.553839 HM:   VMX_VMCS_CTRL_EXIT_HOST_ADDR_SPACE_SIZE
00:00:02.553840 HM:   VMX_VMCS_CTRL_EXIT_LOAD_PERF_MSR
00:00:02.553840 HM:   VMX_VMCS_CTRL_EXIT_ACK_EXT_INT
00:00:02.553841 HM:   VMX_VMCS_CTRL_EXIT_SAVE_GUEST_PAT_MSR
00:00:02.553841 HM:   VMX_VMCS_CTRL_EXIT_LOAD_HOST_PAT_MSR
00:00:02.553842 HM:   VMX_VMCS_CTRL_EXIT_SAVE_GUEST_EFER_MSR
00:00:02.553842 HM:   VMX_VMCS_CTRL_EXIT_LOAD_HOST_EFER_MSR
00:00:02.553843 HM:   VMX_VMCS_CTRL_EXIT_SAVE_VMX_PREEMPT_TIMER
00:00:02.553844 HM: MSR_IA32_VMX_EPT_VPID_CAP       = 0xf0106114141
00:00:02.553845 HM:   MSR_IA32_VMX_EPT_VPID_CAP_RWX_X_ONLY
00:00:02.553845 HM:   MSR_IA32_VMX_EPT_VPID_CAP_GAW_48_BITS
00:00:02.553846 HM:   MSR_IA32_VMX_EPT_VPID_CAP_EMT_UC
00:00:02.553847 HM:   MSR_IA32_VMX_EPT_VPID_CAP_EMT_WB
00:00:02.553847 HM:   MSR_IA32_VMX_EPT_VPID_CAP_SP_21_BITS
00:00:02.553848 HM:   MSR_IA32_VMX_EPT_VPID_CAP_INVEPT
00:00:02.553849 HM:   MSR_IA32_VMX_EPT_VPID_CAP_INVEPT_SINGLE_CONTEXT
00:00:02.553849 HM:   MSR_IA32_VMX_EPT_VPID_CAP_INVEPT_ALL_CONTEXTS
00:00:02.553850 HM:   MSR_IA32_VMX_EPT_VPID_CAP_INVVPID
00:00:02.553850 HM:   MSR_IA32_VMX_EPT_VPID_CAP_INVVPID_INDIV_ADDR
00:00:02.553851 HM:   MSR_IA32_VMX_EPT_VPID_CAP_INVVPID_SINGLE_CONTEXT
00:00:02.553852 HM:   MSR_IA32_VMX_EPT_VPID_CAP_INVVPID_ALL_CONTEXTS
00:00:02.553852 HM:   MSR_IA32_VMX_EPT_VPID_CAP_INVVPID_SINGLE_CONTEXT_RETAIN_GLOBALS
00:00:02.553853 HM: MSR_IA32_VMX_MISC               = 0x100401e5
00:00:02.553854 HM:   MSR_IA32_VMX_MISC_PREEMPT_TSC_BIT      = 0x5
00:00:02.553855 HM:   MSR_IA32_VMX_MISC_STORE_EFERLMA_VMEXIT = true 
00:00:02.553856 HM:   MSR_IA32_VMX_MISC_ACTIVITY_STATES      = 0x7
00:00:02.553857 HM:   MSR_IA32_VMX_MISC_CR3_TARGET           = 0x4
00:00:02.553858 HM:   MSR_IA32_VMX_MISC_MAX_MSR              = 512
00:00:02.553858 HM:   MSR_IA32_VMX_MISC_RDMSR_SMBASE_MSR_SMM = false
00:00:02.553859 HM:   MSR_IA32_VMX_MISC_SMM_MONITOR_CTL_B2   = true 
00:00:02.553859 HM:   MSR_IA32_VMX_MISC_VMWRITE_VMEXIT_INFO  = false
00:00:02.553860 HM:   MSR_IA32_VMX_MISC_MSEG_ID              = 0x0
00:00:02.553860 HM: MSR_IA32_VMX_CR0_FIXED0         = 0x80000021
00:00:02.553861 HM: MSR_IA32_VMX_CR0_FIXED1         = 0xffffffff
00:00:02.553862 HM: MSR_IA32_VMX_CR4_FIXED0         = 0x2000
00:00:02.553863 HM: MSR_IA32_VMX_CR4_FIXED1         = 0x667ff
00:00:02.553863 HM: MSR_IA32_VMX_VMCS_ENUM          = 0x2a
00:00:02.553864 HM:   MSR_IA32_VMX_VMCS_ENUM_HIGHEST_INDEX   = 0x15
00:00:02.553864 HM: APIC-access page physaddr       = 0x00000000b9c7d000
00:00:02.553866 HM: VCPU  0: MSR bitmap physaddr    = 0x00000000b9c7a000
00:00:02.553867 HM: VCPU  0: VMCS physaddr          = 0x00000000b9c7c000
00:00:02.553868 HM: Guest support: 32-bit only
00:00:02.553886 HM: Supports VMCS EFER fields       = true 
00:00:02.553887 HM: VMX enabled!
00:00:02.553890 CPUM: SetGuestCpuIdFeature: Enabled SYSENTER/EXIT
00:00:02.553891 CPUM: SetGuestCpuIdFeature: Enabled NX
00:00:02.553891 HM: Nested paging enabled!
00:00:02.553892 HM:   EPT flush type                = VMXFLUSHEPT_SINGLE_CONTEXT
00:00:02.553892 HM: Unrestricted guest execution enabled!
00:00:02.553893 HM: Large page support enabled
00:00:02.553893 HM: VPID enabled!
00:00:02.553893 HM:   VPID flush type               = VMXFLUSHVPID_SINGLE_CONTEXT
00:00:02.553894 HM: VMX-preemption timer enabled (cPreemptTimerShift=5)
00:00:02.553895 HM: VT-x/AMD-V init method: LOCAL
00:00:02.553896 VMM: fUsePeriodicPreemptionTimers=false
00:00:02.553954 CPUM: Logical host processors: 4 present, 4 max, 4 online, online mask: 000000000000000f
00:00:02.554144 CPUM: Physical host cores: 2
00:00:02.554145 ************************* CPUID dump ************************
00:00:02.554151          Raw Standard CPUID Leaves
00:00:02.554151      Leaf/sub-leaf  eax      ebx      ecx      edx
00:00:02.554153 Gst: 00000000/0000  0000000d 756e6547 6c65746e 49656e69
00:00:02.554154 Hst:                0000000d 756e6547 6c65746e 49656e69
00:00:02.554156 Gst: 00000001/0000  000206a7 00000800 1698220b 078bfbff
00:00:02.554157 Hst:                000206a7 00100800 1fbae3ff bfebfbff
00:00:02.554158 Gst: 00000002/0000  76035a01 00f0b2ff 00000000 00ca0000
00:00:02.554159 Hst:                76035a01 00f0b2ff 00000000 00ca0000
00:00:02.554160 Gst: 00000003/0000  00000000 00000000 00000000 00000000
00:00:02.554160 Hst:                00000000 00000000 00000000 00000000
00:00:02.554161 Gst: 00000004/0000  00000121 01c0003f 0000003f 00000000
00:00:02.554162 Hst:                1c004121 01c0003f 0000003f 00000000
00:00:02.554163 Gst: 00000004/0001  00000122 01c0003f 0000003f 00000000
00:00:02.554164 Hst:                1c004122 01c0003f 0000003f 00000000
00:00:02.554165 Gst: 00000004/0002  00000143 01c0003f 000001ff 00000000
00:00:02.554166 Hst:                1c004143 01c0003f 000001ff 00000000
00:00:02.554167 Gst: 00000004/0003  00000163 02c0003f 00000fff 00000006
00:00:02.554168 Hst:                1c03c163 02c0003f 00000fff 00000006
00:00:02.554168 Gst: 00000004/0004  00000000 00000000 00000000 00000000
00:00:02.554169 Hst:                00000000 00000000 00000000 00000000
00:00:02.554170 Gst: 00000005/0000  00000040 00000040 00000000 00000000
00:00:02.554171 Hst:                00000040 00000040 00000003 00021120
00:00:02.554172 Gst: 00000006/0000  00000000 00000000 00000000 00000000
00:00:02.554172 Hst:                00000077 00000002 00000009 00000000
00:00:02.554173 Gst: 00000007/0000  00000000 00000000 00000000 00000000
00:00:02.554174 Hst:                00000000 00000000 00000000 00000000
00:00:02.554174 Gst: 00000008/0000  00000000 00000000 00000000 00000000
00:00:02.554175 Hst:                00000000 00000000 00000000 00000000
00:00:02.554176 Gst: 00000009/0000  00000000 00000000 00000000 00000000
00:00:02.554177 Hst:                00000000 00000000 00000000 00000000
00:00:02.554177 Gst: 0000000a/0000  00000000 00000000 00000000 00000000
00:00:02.554178 Hst:                07300403 00000000 00000000 00000603
00:00:02.554179 Gst: 0000000b/0000  00000000 00000001 00000100 00000000
00:00:02.554179 Hst:                00000001 00000002 00000100 00000000
00:00:02.554180 Gst: 0000000b/0001  00000001 00000001 00000201 00000000
00:00:02.554181 Hst:                00000004 00000004 00000201 00000000
00:00:02.554182 Gst: 0000000b/0002  00000000 00000000 00000002 00000000
00:00:02.554182 Hst:                00000000 00000000 00000002 00000000
00:00:02.554183 Gst: 0000000c/0000  00000000 00000000 00000000 00000000
00:00:02.554184 Hst:                00000000 00000000 00000000 00000000
00:00:02.554184 Gst: 0000000d/0000  00000007 00000340 00000340 00000000
00:00:02.554185 Hst:                00000007 00000340 00000340 00000000
00:00:02.554186 Gst: 0000000d/0001  00000000 00000000 00000000 00000000
00:00:02.554187 Hst:                00000001 00000000 00000000 00000000
00:00:02.554187 Gst: 0000000d/0002  00000100 00000240 00000000 00000000
00:00:02.554188 Hst:                00000100 00000240 00000000 00000000
00:00:02.554189 Gst: 0000000d/0003  00000000 00000000 00000000 00000000
00:00:02.554189 Hst:                00000000 00000000 00000000 00000000
00:00:02.554202                                Name: GenuineIntel
00:00:02.554204                            Supports: 0x00000000-0x0000000d
00:00:02.554206                              Family:  6 	Extended: 0 	Effective: 6
00:00:02.554207                               Model: 10 	Extended: 2 	Effective: 42
00:00:02.554208                            Stepping: 7
00:00:02.554209                                Type: 0 (primary)
00:00:02.554210                             APIC ID: 0x00
00:00:02.554211                        Logical CPUs: 0
00:00:02.554212                        CLFLUSH Size: 8
00:00:02.554212                            Brand ID: 0x00
00:00:02.554213 Features
00:00:02.554214   Mnemonic - Description                                  = guest (host)
00:00:02.554214   FPU - x87 FPU on Chip                                   = 1 (1)
00:00:02.554216   VME - Virtual 8086 Mode Enhancements                    = 1 (1)
00:00:02.554217   DE - Debugging extensions                               = 1 (1)
00:00:02.554218   PSE - Page Size Extension                               = 1 (1)
00:00:02.554219   TSC - Time Stamp Counter                                = 1 (1)
00:00:02.554220   MSR - Model Specific Registers                          = 1 (1)
00:00:02.554221   PAE - Physical Address Extension                        = 1 (1)
00:00:02.554222   MCE - Machine Check Exception                           = 1 (1)
00:00:02.554223   CX8 - CMPXCHG8B instruction                             = 1 (1)
00:00:02.554224   APIC - APIC On-Chip                                     = 1 (1)
00:00:02.554225   SEP - SYSENTER and SYSEXIT Present                      = 1 (1)
00:00:02.554226   MTRR - Memory Type Range Registers                      = 1 (1)
00:00:02.554227   PGE - PTE Global Bit                                    = 1 (1)
00:00:02.554228   MCA - Machine Check Architecture                        = 1 (1)
00:00:02.554229   CMOV - Conditional Move instructions                    = 1 (1)
00:00:02.554230   PAT - Page Attribute Table                              = 1 (1)
00:00:02.554231   PSE-36 - 36-bit Page Size Extension                     = 1 (1)
00:00:02.554232   PSN - Processor Serial Number                           = 0 (0)
00:00:02.554233   CLFSH - CLFLUSH instruction                             = 1 (1)
00:00:02.554234   DS - Debug Store                                        = 0 (1)
00:00:02.554236   ACPI - Thermal Mon. & Soft. Clock Ctrl.                 = 0 (1)
00:00:02.554236   MMX - Intel MMX Technology                              = 1 (1)
00:00:02.554237   FXSR - FXSAVE and FXRSTOR instructions                  = 1 (1)
00:00:02.554238   SSE - SSE support                                       = 1 (1)
00:00:02.554240   SSE2 - SSE2 support                                     = 1 (1)
00:00:02.554241   SS - Self Snoop                                         = 0 (1)
00:00:02.554242   HTT - Hyper-Threading Technology                        = 0 (1)
00:00:02.554243   TM - Therm. Monitor                                     = 0 (1)
00:00:02.554244   PBE - Pending Break Enabled                             = 0 (1)
00:00:02.554245   SSE3 - SSE3 support                                     = 1 (1)
00:00:02.554246   PCLMUL - PCLMULQDQ support (for AES-GCM)                = 1 (1)
00:00:02.554247   DTES64 - DS Area 64-bit Layout                          = 0 (1)
00:00:02.554248   MONITOR - MONITOR/MWAIT instructions                    = 1 (1)
00:00:02.554249   CPL-DS - CPL Qualified Debug Store                      = 0 (1)
00:00:02.554250   VMX - Virtual Machine Extensions                        = 0 (1)
00:00:02.554251   SMX - Safer Mode Extensions                             = 0 (1)
00:00:02.554252   EST - Enhanced SpeedStep Technology                     = 0 (1)
00:00:02.554253   TM2 - Terminal Monitor 2                                = 0 (1)
00:00:02.554254   SSSE3 - Supplemental Streaming SIMD Extensions 3        = 1 (1)
00:00:02.554255   CNTX-ID - L1 Context ID                                 = 0 (0)
00:00:02.554256   SDBG - Silicon Debug interface                          = 0 (0)
00:00:02.554257   FMA - Fused Multiply Add extensions                     = 0 (0)
00:00:02.554258   CX16 - CMPXCHG16B instruction                           = 1 (1)
00:00:02.554259   TPRUPDATE - xTPR Update Control                         = 0 (1)
00:00:02.554260   PDCM - Perf/Debug Capability MSR                        = 0 (1)
00:00:02.554261   PCID - Process Context Identifiers                      = 0 (1)
00:00:02.554262   DCA - Direct Cache Access                               = 0 (0)
00:00:02.554263   SSE4_1 - SSE4_1 support                                 = 1 (1)
00:00:02.554264   SSE4_2 - SSE4_2 support                                 = 1 (1)
00:00:02.554265   X2APIC - x2APIC support                                 = 0 (1)
00:00:02.554266   MOVBE - MOVBE instruction                               = 0 (0)
00:00:02.554267   POPCNT - POPCNT instruction                             = 1 (1)
00:00:02.554268   TSCDEADL - Time Stamp Counter Deadline                  = 0 (1)
00:00:02.554269   AES - AES instructions                                  = 1 (1)
00:00:02.554270   XSAVE - XSAVE instruction                               = 1 (1)
00:00:02.554271   OSXSAVE - OSXSAVE instruction                           = 0 (1)
00:00:02.554272   AVX - AVX support                                       = 1 (1)
00:00:02.554273   F16C - 16-bit floating point conversion instructions    = 0 (0)
00:00:02.554274   RDRAND - RDRAND instruction                             = 0 (0)
00:00:02.554275   HVP - Hypervisor Present (we're a guest)                = 0 (0)
00:00:02.554276 Structured Extended Feature Flags Enumeration (leaf 7):
00:00:02.554276   Mnemonic - Description                                  = guest (host)
00:00:02.554277   FSGSBASE - RDFSBASE/RDGSBASE/WRFSBASE/WRGSBASE instr.   = 0 (0)
00:00:02.554277   TSCADJUST - Supports MSR_IA32_TSC_ADJUST                = 0 (0)
00:00:02.554278   BMI1 - Advanced Bit Manipulation extension 1            = 0 (0)
00:00:02.554279   HLE - Hardware Lock Elision                             = 0 (0)
00:00:02.554280   AVX2 - Advanced Vector Extensions 2                     = 0 (0)
00:00:02.554281   SMEP - Supervisor Mode Execution Prevention             = 0 (0)
00:00:02.554282   BMI2 - Advanced Bit Manipulation extension 2            = 0 (0)
00:00:02.554283   ERMS - Enhanced REP MOVSB/STOSB instructions            = 0 (0)
00:00:02.554284   INVPCID - INVPCID instruction                           = 0 (0)
00:00:02.554285   RTM - Restricted Transactional Memory                   = 0 (0)
00:00:02.554285   PQM - Platform Quality of Service Monitoring            = 0 (0)
00:00:02.554286   DEPFPU_CS_DS - Deprecates FPU CS, FPU DS values if set  = 0 (0)
00:00:02.554287   MPE - Intel Memory Protection Extensions                = 0 (0)
00:00:02.554288   PQE - Platform Quality of Service Enforcement           = 0 (0)
00:00:02.554289   AVX512F - AVX512 Foundation instructions                = 0 (0)
00:00:02.554290   RDSEED - RDSEED instruction                             = 0 (0)
00:00:02.554291   ADX - ADCX/ADOX instructions                            = 0 (0)
00:00:02.554292   SMAP - Supervisor Mode Access Prevention                = 0 (0)
00:00:02.554293   CLFLUSHOPT - CLFLUSHOPT (Cache Line Flush) instruction  = 0 (0)
00:00:02.554294   INTEL_PT - Intel Processor Trace                        = 0 (0)
00:00:02.554295   AVX512PF - AVX512 Prefetch instructions                 = 0 (0)
00:00:02.554296   AVX512ER - AVX512 Exponential & Reciprocal instructions = 0 (0)
00:00:02.554297   AVX512CD - AVX512 Conflict Detection instructions       = 0 (0)
00:00:02.554298   SHA - Secure Hash Algorithm extensions                  = 0 (0)
00:00:02.554298   PREFETCHWT1 - PREFETCHWT1 instruction                   = 0 (0)
00:00:02.554299   PKU - Protection Key for Usermode pages                 = 0 (0)
00:00:02.554300   OSPKU - CR4.PKU mirror                                  = 0 (0)
00:00:02.554302 Processor Extended State Enumeration (leaf 0xd):
00:00:02.554302    XSAVE area cur/max size by XCR0, guest: 0x340/0x340
00:00:02.554303     XSAVE area cur/max size by XCR0, host: 0x340/0x340
00:00:02.554304                    Valid XCR0 bits, guest: 0x00000000`00000007 ( x87 SSE YMM_Hi128 )
00:00:02.554305                     Valid XCR0 bits, host: 0x00000000`00000007 ( x87 SSE YMM_Hi128 )
00:00:02.554307                     XSAVE features, guest:
00:00:02.554308                      XSAVE features, host: XSAVEOPT
00:00:02.554309       XSAVE area cur size XCR0|XSS, guest: 0x0
00:00:02.554309        XSAVE area cur size XCR0|XSS, host: 0x0
00:00:02.554310                Valid IA32_XSS bits, guest: 0x00000000`00000000
00:00:02.554311                 Valid IA32_XSS bits, host: 0x00000000`00000000
00:00:02.554311   State #2, guest: off=0x0240, cb=0x0100 IA32_XSS-bit -- YMM_Hi128
00:00:02.554313   State #2, host:  off=0x0240, cb=0x0100 IA32_XSS-bit -- YMM_Hi128
00:00:02.554320          Raw Hypervisor CPUID Leaves
00:00:02.554321      Leaf/sub-leaf  eax      ebx      ecx      edx
00:00:02.554321 Gst: 40000000/0000  40000001 786f4256 786f4256 786f4256
00:00:02.554322 Hst:                00000007 00000340 00000340 00000000
00:00:02.554323 Gst: 40000001/0000  656e6f6e 00000000 00000000 00000000
00:00:02.554324 Hst:                00000007 00000340 00000340 00000000
00:00:02.554325          Raw Extended CPUID Leaves
00:00:02.554325      Leaf/sub-leaf  eax      ebx      ecx      edx
00:00:02.554326 Gst: 80000000/0000  80000008 00000000 00000000 00000000
00:00:02.554327 Hst:                80000008 00000000 00000000 00000000
00:00:02.554327 Gst: 80000001/0000  00000000 00000000 00000001 08100000
00:00:02.554328 Hst:                00000000 00000000 00000001 28100800
00:00:02.554329 Gst: 80000002/0000  20202020 49202020 6c65746e 20295228
00:00:02.554330 Hst:                20202020 49202020 6c65746e 20295228
00:00:02.554332 Gst: 80000003/0000  65726f43 294d5428 2d356920 30343532
00:00:02.554333 Hst:                65726f43 294d5428 2d356920 30343532
00:00:02.554334 Gst: 80000004/0000  5043204d 20402055 30362e32 007a4847
00:00:02.554335 Hst:                5043204d 20402055 30362e32 007a4847
00:00:02.554336 Gst: 80000005/0000  00000000 00000000 00000000 00000000
00:00:02.554337 Hst:                00000000 00000000 00000000 00000000
00:00:02.554337 Gst: 80000006/0000  00000000 00000000 01006040 00000000
00:00:02.554338 Hst:                00000000 00000000 01006040 00000000
00:00:02.554339 Gst: 80000007/0000  00000000 00000000 00000000 00000100
00:00:02.554340 Hst:                00000000 00000000 00000000 00000100
00:00:02.554341 Gst: 80000008/0000  00003024 00000000 00000000 00000000
00:00:02.554341 Hst:                00003024 00000000 00000000 00000000
00:00:02.554342 Ext Name:                        
00:00:02.554343 Ext Supports:                    0x80000000-0x80000008
00:00:02.554343 Family:                          0  	Extended: 0 	Effective: 0
00:00:02.554344 Model:                           0  	Extended: 0 	Effective: 0
00:00:02.554345 Stepping:                        0
00:00:02.554345 Brand ID:                        0x000
00:00:02.554346 Ext Features
00:00:02.554346   Mnemonic - Description                                  = guest (host)
00:00:02.554346   FPU - x87 FPU on Chip                                   = 0 (0)
00:00:02.554347   VME - Virtual 8086 Mode Enhancements                    = 0 (0)
00:00:02.554348   DE - Debugging extensions                               = 0 (0)
00:00:02.554349   PSE - Page Size Extension                               = 0 (0)
00:00:02.554350   TSC - Time Stamp Counter                                = 0 (0)
00:00:02.554351   MSR - K86 Model Specific Registers                      = 0 (0)
00:00:02.554352   PAE - Physical Address Extension                        = 0 (0)
00:00:02.554353   MCE - Machine Check Exception                           = 0 (0)
00:00:02.554354   CX8 - CMPXCHG8B instruction                             = 0 (0)
00:00:02.554355   APIC - APIC On-Chip                                     = 0 (0)
00:00:02.554356   SEP - SYSCALL/SYSRET                                    = 0 (1)
00:00:02.554357   MTRR - Memory Type Range Registers                      = 0 (0)
00:00:02.554358   PGE - PTE Global Bit                                    = 0 (0)
00:00:02.554359   MCA - Machine Check Architecture                        = 0 (0)
00:00:02.554360   CMOV - Conditional Move instructions                    = 0 (0)
00:00:02.554361   PAT - Page Attribute Table                              = 0 (0)
00:00:02.554362   PSE-36 - 36-bit Page Size Extension                     = 0 (0)
00:00:02.554363   NX - No-Execute/Execute-Disable                         = 1 (1)
00:00:02.554364   AXMMX - AMD Extensions to MMX instructions              = 0 (0)
00:00:02.554365   MMX - Intel MMX Technology                              = 0 (0)
00:00:02.554366   FXSR - FXSAVE and FXRSTOR Instructions                  = 0 (0)
00:00:02.554367   FFXSR - AMD fast FXSAVE and FXRSTOR instructions        = 0 (0)
00:00:02.554368   Page1GB - 1 GB large page                               = 0 (0)
00:00:02.554369   RDTSCP - RDTSCP instruction                             = 1 (1)
00:00:02.554370   LM - AMD64 Long Mode                                    = 0 (1)
00:00:02.554371   3DNOWEXT - AMD Extensions to 3DNow                      = 0 (0)
00:00:02.554372   3DNOW - AMD 3DNow                                       = 0 (0)
00:00:02.554373   LahfSahf - LAHF/SAHF support in 64-bit mode             = 1 (1)
00:00:02.554374   CmpLegacy - Core multi-processing legacy mode           = 0 (0)
00:00:02.554374   SVM - AMD VM extensions                                 = 0 (0)
00:00:02.554375   EXTAPIC - AMD Extended APIC registers                   = 0 (0)
00:00:02.554376   CR8L - AMD LOCK MOV CR0 means MOV CR8                   = 0 (0)
00:00:02.554377   ABM - AMD Advanced Bit Manipulation                     = 0 (0)
00:00:02.554378   SSE4A - SSE4A instructions                              = 0 (0)
00:00:02.554379   MISALIGNSSE - AMD Misaligned SSE mode                   = 0 (0)
00:00:02.554380   3DNOWPRF - AMD PREFETCH and PREFETCHW instructions      = 0 (0)
00:00:02.554381   OSVW - AMD OS Visible Workaround                        = 0 (0)
00:00:02.554382   IBS - Instruct Based Sampling                           = 0 (0)
00:00:02.554383   XOP - Extended Operation support                        = 0 (0)
00:00:02.554384   SKINIT - SKINIT, STGI, and DEV support                  = 0 (0)
00:00:02.554384   WDT - AMD Watchdog Timer support                        = 0 (0)
00:00:02.554385   LWP - Lightweight Profiling support                     = 0 (0)
00:00:02.554386   FMA4 - Four operand FMA instruction support             = 0 (0)
00:00:02.554387   NodeId - NodeId in MSR C001_100C                        = 0 (0)
00:00:02.554388   TBM - Trailing Bit Manipulation instructions            = 0 (0)
00:00:02.554389   TOPOEXT - Topology Extensions                           = 0 (0)
00:00:02.554390 Full Name:                       "       Intel(R) Core(TM) i5-2540M CPU @ 2.60GHz"
00:00:02.554391 TLB 2/4M Instr/Uni:              res0     0 entries
00:00:02.554392 TLB 2/4M Data:                   res0     0 entries
00:00:02.554392 TLB 4K Instr/Uni:                res0     0 entries
00:00:02.554393 TLB 4K Data:                     res0     0 entries
00:00:02.554393 L1 Instr Cache Line Size:        0 bytes
00:00:02.554394 L1 Instr Cache Lines Per Tag:    0
00:00:02.554394 L1 Instr Cache Associativity:    res0  
00:00:02.554394 L1 Instr Cache Size:             0 KB
00:00:02.554395 L1 Data Cache Line Size:         0 bytes
00:00:02.554395 L1 Data Cache Lines Per Tag:     0
00:00:02.554396 L1 Data Cache Associativity:     res0  
00:00:02.554396 L1 Data Cache Size:              0 KB
00:00:02.554397 L2 TLB 2/4M Instr/Uni:           off       0 entries
00:00:02.554397 L2 TLB 2/4M Data:                off       0 entries
00:00:02.554398 L2 TLB 4K Instr/Uni:             off       0 entries
00:00:02.554398 L2 TLB 4K Data:                  off       0 entries
00:00:02.554399 L2 Cache Line Size:              0 bytes
00:00:02.554399 L2 Cache Lines Per Tag:          0
00:00:02.554399 L2 Cache Associativity:          off   
00:00:02.554400 L2 Cache Size:                   0 KB
00:00:02.554400 APM Features:                    TscInvariant
00:00:02.554401 Host Invariant-TSC support:      true 
00:00:02.554402 Physical Address Width:          36 bits
00:00:02.554402 Virtual Address Width:           48 bits
00:00:02.554403 Guest Physical Address Width:    0 bits
00:00:02.554403 Physical Core Count:             0
00:00:02.554404 
00:00:02.554404 ******************** End of CPUID dump **********************
00:00:02.578550 VMEmt: Halt method global1 (5)
00:00:02.578586 VMEmt: HaltedGlobal1 config: cNsSpinBlockThresholdCfg=50000
00:00:02.578592 Changing the VM state from 'CREATING' to 'CREATED'
00:00:02.580709 Changing the VM state from 'CREATED' to 'POWERING_ON'
00:00:02.580882 Changing the VM state from 'POWERING_ON' to 'RUNNING'
00:00:02.580895 Console: Machine state changed to 'Running'
00:00:02.584331 VMMDev: Guest Log: BIOS: VirtualBox 5.0.4
00:00:02.587526 PIT: mode=2 count=0x10000 (65536) - 18.20 Hz (ch=0)
00:00:02.600608 Display::handleDisplayResize: uScreenId=0 pvVRAM=0000000000000000 w=720 h=400 bpp=0 cbLine=0x0 flags=0x1
00:00:02.600692 GUI: UIFrameBufferPrivate::NotifyChange: Screen=0, Origin=0x0, Size=720x400, Sending to async-handler
00:00:02.600745 GUI: UIMachineView::sltHandleNotifyChange: Screen=0, Size=720x400
00:00:02.600754 GUI: UIFrameBufferPrivate::handleNotifyChange: Size=720x400
00:00:02.600759 GUI: UIFrameBufferPrivate::performResize: Size=720x400, Directly using source bitmap content
00:00:02.601704 PIIX3 ATA: Ctl#0: RESET, DevSel=0 AIOIf=0 CmdIf0=0x00 (-1 usec ago) CmdIf1=0x00 (-1 usec ago)
00:00:02.601771 PIIX3 ATA: Ctl#0: finished processing RESET
00:00:02.602130 VMMDev: Guest Log: BIOS: ata0-0: PCHS=16383/16/63 LCHS=1024/255/63
00:00:02.602623 PIIX3 ATA: Ctl#0: RESET, DevSel=1 AIOIf=0 CmdIf0=0xec (-1 usec ago) CmdIf1=0x00 (-1 usec ago)
00:00:02.603013 PIIX3 ATA: Ctl#0: finished processing RESET
00:00:02.616948 PIT: mode=2 count=0x48d3 (18643) - 64.00 Hz (ch=0)
00:00:02.624014 Display::handleDisplayResize: uScreenId=0 pvVRAM=00000000088f0000 w=640 h=480 bpp=32 cbLine=0xA00 flags=0x1
00:00:02.624095 GUI: UIFrameBufferPrivate::NotifyChange: Screen=0, Origin=0x0, Size=640x480, Sending to async-handler
00:00:02.624159 GUI: UIMachineView::sltHandleNotifyChange: Screen=0, Size=640x480
00:00:02.624168 GUI: UIFrameBufferPrivate::handleNotifyChange: Size=640x480
00:00:02.624306 GUI: UIFrameBufferPrivate::performResize: Size=640x480, Directly using source bitmap content
00:00:02.820675 GUI: UIMachineViewNormal::resendSizeHint: Restoring guest size-hint for screen 0 to 1024x768
00:00:02.822312 VMMDev: SetVideoModeHint: Got a video mode hint (1024x768x32)@(0x0),(1;0) at 0
00:00:02.823078 GUI: 2D video acceleration is disabled
00:00:02.823090 GUI: HID LEDs sync is enabled
00:00:02.823097 GUI: UIMachineLogicNormal::sltCheckForRequestedVisualStateType: Requested-state=0, Machine-state=5
00:00:05.097025 PIT: mode=2 count=0x10000 (65536) - 18.20 Hz (ch=0)
00:00:05.097255 VMMDev: Guest Log: BIOS: Boot : bseqnr=1, bootseq=0231
00:00:05.097436 VMMDev: Guest Log: BIOS: Boot from Floppy 0 failed
00:00:05.097640 VMMDev: Guest Log: BIOS: Boot : bseqnr=2, bootseq=0023
00:00:05.097841 VMMDev: Guest Log: BIOS: CDROM boot failure code : 0002
00:00:05.098000 VMMDev: Guest Log: BIOS: Boot from CD-ROM failed
00:00:05.098197 VMMDev: Guest Log: BIOS: Boot : bseqnr=3, bootseq=0002
00:00:05.098576 VMMDev: Guest Log: BIOS: Booting from Hard Disk...
00:00:05.100621 Display::handleDisplayResize: uScreenId=0 pvVRAM=0000000000000000 w=720 h=400 bpp=0 cbLine=0x0 flags=0x1
00:00:05.100720 GUI: UIFrameBufferPrivate::NotifyChange: Screen=0, Origin=0x0, Size=720x400, Sending to async-handler
00:00:05.100782 GUI: UIMachineView::sltHandleNotifyChange: Screen=0, Size=720x400
00:00:05.100803 GUI: UIFrameBufferPrivate::handleNotifyChange: Size=720x400
00:00:05.100822 GUI: UIFrameBufferPrivate::performResize: Size=720x400, Directly using source bitmap content
00:00:05.214465 Display::handleDisplayResize: uScreenId=0 pvVRAM=00000000088f0000 w=640 h=480 bpp=24 cbLine=0x780 flags=0x1
00:00:05.214551 GUI: UIFrameBufferPrivate::NotifyChange: Screen=0, Origin=0x0, Size=640x480, Sending to async-handler
00:00:05.214619 GUI: UIMachineView::sltHandleNotifyChange: Screen=0, Size=640x480
00:00:05.214631 GUI: UIFrameBufferPrivate::handleNotifyChange: Size=640x480
00:00:05.214738 GUI: UIFrameBufferPrivate::performResize: Size=640x480, Directly using source bitmap content
00:00:06.258309 Changing the VM state from 'RUNNING' to 'SUSPENDING'
00:00:06.304066 PDMR3Suspend: 45 726 625 ns run time
00:00:06.304087 Changing the VM state from 'SUSPENDING' to 'SUSPENDED'
00:00:06.304100 Console: Machine state changed to 'Paused'
00:00:07.392226 Console: Machine state changed to 'Stopping'
00:00:07.392440 Console::powerDown(): A request to power off the VM has been issued (mMachineState=Stopping, InUninit=0)
00:00:07.392450 Display::handleDisplayResize: uScreenId=0 pvVRAM=00000000088f0000 w=640 h=480 bpp=32 cbLine=0x780 flags=0x1
00:00:07.392476 GUI: UIFrameBufferPrivate::NotifyChange: Screen=0, Origin=0x0, Size=640x480, Sending to async-handler
00:00:07.393843 Changing the VM state from 'SUSPENDED' to 'POWERING_OFF'
00:00:07.393866 ****************** Guest state at power off ******************
00:00:07.393872 Guest CPUM (VCPU 0) state: 
00:00:07.393878 eax=00000000 ebx=001195f4 ecx=00000000 edx=00000001 esi=00000000 edi=000003e9
00:00:07.393881 eip=00100cbb esp=0032ebb8 ebp=0032ec84 iopl=0         nv up ei pl nz na po nc
00:00:07.393883 cs={0020 base=0000000000000000 limit=ffffffff flags=0000c09b} dr0=00000000 dr1=00000000
00:00:07.393886 ds={0028 base=0000000000000000 limit=ffffffff flags=0000c093} dr2=00000000 dr3=00000000
00:00:07.393888 es={0028 base=0000000000000000 limit=ffffffff flags=0000c093} dr4=00000000 dr5=00000000
00:00:07.393890 fs={0000 base=0000000000000000 limit=ffffffff flags=0001c000} dr6=ffff0ff0 dr7=00000400
00:00:07.393893 gs={0000 base=0000000000000000 limit=ffffffff flags=0001c000} cr0=00000013 cr2=00000000
00:00:07.393895 ss={0028 base=0000000000000000 limit=ffffffff flags=0000c093} cr3=00000000 cr4=00000000
00:00:07.393897 gdtr=0000000000009400:002f  idtr=0000000000003008:07ff  eflags=00000246
00:00:07.393899 ldtr={0000 base=00000000 limit=ffffffff flags=0001c000}
00:00:07.393900 tr  ={0008 base=00000580 limit=00000067 flags=0000008b}
00:00:07.393902 SysEnter={cs=0000 eip=00000000 esp=00000000}
00:00:07.393904 xcr=0000000000000001 xcr1=0000000000000000 xss=0000000000000000 (fXStateMask=0000000000000000)
00:00:07.393906 FCW=037f FSW=0000 FTW=0000 FOP=0000 MXCSR=00001f80 MXCSR_MASK=0000ffff
00:00:07.393908 FPUIP=00000000 CS=0000 Rsrvd1=0000  FPUDP=00000000 DS=0000 Rsvrd2=0000
00:00:07.393910 ST(0)=FPR0={0000'00000000'00000000} t0 +0.0000000000000000000000 ^ 0 (*)
00:00:07.393913 ST(1)=FPR1={0000'00000000'00000000} t0 +0.0000000000000000000000 ^ 0 (*)
00:00:07.393916 ST(2)=FPR2={0000'00000000'00000000} t0 +0.0000000000000000000000 ^ 0 (*)
00:00:07.393919 ST(3)=FPR3={0000'00000000'00000000} t0 +0.0000000000000000000000 ^ 0 (*)
00:00:07.393921 ST(4)=FPR4={0000'00000000'00000000} t0 +0.0000000000000000000000 ^ 0 (*)
00:00:07.393924 ST(5)=FPR5={0000'00000000'00000000} t0 +0.0000000000000000000000 ^ 0 (*)
00:00:07.393927 ST(6)=FPR6={0000'00000000'00000000} t0 +0.0000000000000000000000 ^ 0 (*)
00:00:07.393929 ST(7)=FPR7={0000'00000000'00000000} t0 +0.0000000000000000000000 ^ 0 (*)
00:00:07.393932 XMM0 =00000000'00000000'00000000'00000000  XMM1 =00000000'00000000'00000000'00000000
00:00:07.393935 XMM2 =00000000'00000000'00000000'00000000  XMM3 =00000000'00000000'00000000'00000000
00:00:07.393938 XMM4 =00000000'00000000'00000000'00000000  XMM5 =00000000'00000000'00000000'00000000
00:00:07.393942 XMM6 =00000000'00000000'00000000'00000000  XMM7 =00000000'00000000'00000000'00000000
00:00:07.393945 XMM8 =00000000'00000000'00000000'00000000  XMM9 =00000000'00000000'00000000'00000000
00:00:07.393947 XMM10=00000000'00000000'00000000'00000000  XMM11=00000000'00000000'00000000'00000000
00:00:07.393950 XMM12=00000000'00000000'00000000'00000000  XMM13=00000000'00000000'00000000'00000000
00:00:07.393953 XMM14=00000000'00000000'00000000'00000000  XMM15=00000000'00000000'00000000'00000000
00:00:07.393956 EFER         =0000000000000000
00:00:07.393956 PAT          =0007040600070406
00:00:07.393957 STAR         =0000000000000000
00:00:07.393958 CSTAR        =0000000000000000
00:00:07.393959 LSTAR        =0000000000000000
00:00:07.393959 SFMASK       =0000000000000000
00:00:07.393960 KERNELGSBASE =0000000000000000
00:00:07.393961 ***
00:00:07.393964 Guest paging mode:  Protected (changed 8728 times), A20 enabled (changed 2 times)
00:00:07.393972 Shadow paging mode: EPT
00:00:07.393973 Host paging mode:   AMD64+G+NX
00:00:07.393974 ***
00:00:07.393980 Active Timers (pVM=0000000003ef0000)
00:00:07.393982 pTimerR3         offNext  offPrev  offSched Clock               Time             Expire HzHint State                     Description
00:00:07.393986 0000000006854e40 00008680 00000000 00000000 Real            97769434           97768310      0 2-ACTIVE                  VGA Refresh Timer
00:00:07.393991 000000000685d4c0 ffffff80 ffff7980 00000000 Real            97769434           97768322      0 2-ACTIVE                  EMT Yielder
00:00:07.393995 000000000685d440 00000000 00000080 00000000 Real            97769434           97768572      0 2-ACTIVE                  CPU Load Timer
00:00:07.393999 00000000068594b0 00000000 00000000 00000000 Virt          3723240133         3681955855      0 2-ACTIVE                  DevIchAc97
00:00:07.394003 000000000684c6f0 000005e0 00000000 00000000 VrSy          3677272402         3724075617     18 2-ACTIVE                  i8254 Programmable Interval Timer
00:00:07.394007 000000000684ccd0 0000fd70 fffffa20 00000000 VrSy          3677272402         3990000000      0 2-ACTIVE                  MC146818 RTC/CMOS - Second
00:00:07.394011 000000000685ca40 00000000 ffff0290 00000000 VrSy          3677272402       599932015941      0 2-ACTIVE                  ACPI PM Timer
00:00:07.394016 ***
00:00:07.394019 ***
00:00:07.394020 ************** End of Guest state at power off ***************
00:00:07.397699 PDMR3PowerOff: 3 664 883 ns run time
00:00:07.397731 Changing the VM state from 'POWERING_OFF' to 'OFF'
00:00:07.400251 Changing the VM state from 'OFF' to 'DESTROYING'
00:00:07.400328 ************************* Statistics *************************
00:00:07.400404 /CPUM/MSR-Totals/Reads                  0 times
00:00:07.400409 /CPUM/MSR-Totals/ReadsRaisingGP         0 times
00:00:07.400412 /CPUM/MSR-Totals/ReadsUnknown           0 times
00:00:07.400416 /CPUM/MSR-Totals/Writes                 0 times
00:00:07.400419 /CPUM/MSR-Totals/WritesRaisingGP        0 times
00:00:07.400422 /CPUM/MSR-Totals/WritesToIgnoredBits        0 times
00:00:07.400426 /CPUM/MSR-Totals/WritesUnknown          0 times
00:00:07.400430 /Devices/IDE0/ATA0/Unit0/AtapiDMA        0 times
00:00:07.400433 /Devices/IDE0/ATA0/Unit0/AtapiPIO        0 times
00:00:07.400437 /Devices/IDE0/ATA0/Unit0/DMA            0 times
00:00:07.400439 /Devices/IDE0/ATA0/Unit0/PIO           94 times
00:00:07.400442 /Devices/IDE0/ATA0/Unit0/ReadBytes   473088 bytes
00:00:07.400444 /Devices/IDE0/ATA0/Unit0/WrittenBytes        0 bytes
00:00:07.400446 /Devices/IDE0/ATA0/Unit1/AtapiDMA        0 times
00:00:07.400448 /Devices/IDE0/ATA0/Unit1/AtapiPIO        0 times
00:00:07.400450 /Devices/IDE0/ATA0/Unit1/DMA            0 times
00:00:07.400452 /Devices/IDE0/ATA0/Unit1/PIO            0 times
00:00:07.400454 /Devices/IDE0/ATA0/Unit1/ReadBytes        0 bytes
00:00:07.400456 /Devices/IDE0/ATA0/Unit1/WrittenBytes        0 bytes
00:00:07.400462 /Devices/IDE0/ATA1/Unit0/AtapiDMA        0 times
00:00:07.400467 /Devices/IDE0/ATA1/Unit0/AtapiPIO        0 times
00:00:07.400469 /Devices/IDE0/ATA1/Unit0/DMA            0 times
00:00:07.400471 /Devices/IDE0/ATA1/Unit0/PIO            0 times
00:00:07.400473 /Devices/IDE0/ATA1/Unit0/ReadBytes        0 bytes
00:00:07.400475 /Devices/IDE0/ATA1/Unit0/WrittenBytes        0 bytes
00:00:07.400477 /Devices/IDE0/ATA1/Unit1/AtapiDMA        0 times
00:00:07.400479 /Devices/IDE0/ATA1/Unit1/AtapiPIO        0 times
00:00:07.400480 /Devices/IDE0/ATA1/Unit1/DMA            0 times
00:00:07.400482 /Devices/IDE0/ATA1/Unit1/PIO            0 times
00:00:07.400484 /Devices/IDE0/ATA1/Unit1/ReadBytes        0 bytes
00:00:07.400487 /Devices/IDE0/ATA1/Unit1/WrittenBytes        0 bytes
00:00:07.400489 GUI: UIMachineView::sltHandleNotifyChange: Screen=0, Size=640x480
00:00:07.400516 /Devices/PCNet0/ReceiveBytes            0 bytes
00:00:07.400545 GUI: UIFrameBufferPrivate::handleNotifyChange: Size=640x480
00:00:07.400579 /Devices/PCNet0/TransmitBytes           0 bytes
00:00:07.400585 /Devices/VMMDev/BalloonChunks           0 count
00:00:07.400587 /FT/Checkpoint/Network                  0 times
00:00:07.400590 /FT/Checkpoint/Storage                  0 times
00:00:07.400592 /FT/Received/Mem                        0 bytes
00:00:07.400594 /FT/Received/State                      0 bytes
00:00:07.400597 /FT/Sent/Mem                            0 bytes
00:00:07.400599 /FT/Sent/State                          0 bytes
00:00:07.400602 /FT/Sync/DeltaMem                       0 times
00:00:07.400604 /FT/Sync/DeltaVM                        0 times
00:00:07.400606 /FT/Sync/Full                           0 times
00:00:07.400609 /GMM/VM/Allocated/cBasePages         2081 pages
00:00:07.400611 /GMM/VM/Allocated/cFixedPages           0 pages
00:00:07.400613 /GMM/VM/Allocated/cShadowPages          0 pages
00:00:07.400617 /GMM/VM/Reserved/cBasePages        262302 pages
00:00:07.400620 /GMM/VM/Reserved/cFixedPages         7172 pages
00:00:07.400622 /GMM/VM/Reserved/cShadowPages           1 pages
00:00:07.400624 /GMM/VM/cBalloonedPages                 0 pages
00:00:07.400626 /GMM/VM/cMaxBalloonedPages              0 pages
00:00:07.400629 /GMM/VM/cPrivatePages                2081 pages
00:00:07.400631 /GMM/VM/cReqActuallyBalloonedPages        0 pages
00:00:07.400633 /GMM/VM/cReqBalloonedPages              0 pages
00:00:07.400635 /GMM/VM/cReqDeflatePages                0 pages
00:00:07.400637 /GMM/VM/cShareableModules               0 count
00:00:07.400640 /GMM/VM/cSharedPages                    0 pages
00:00:07.400642 /GMM/VM/enmPolicy                       1 
00:00:07.400644 /GMM/VM/enmPriority                     2 
00:00:07.400647 /GMM/VM/fBallooningEnabled       false    
00:00:07.400649 /GMM/VM/fMayAllocate             true     
00:00:07.400651 /GMM/VM/fSharedPagingEnabled     false    
00:00:07.400653 /GMM/cAllocatedPages                 2081 pages
00:00:07.400655 /GMM/cBalloonedPages                    0 pages
00:00:07.400657 /GMM/cChunks                            5 count
00:00:07.400659 /GMM/cDuplicatePages                    0 pages
00:00:07.400661 /GMM/cFreedChunks                       0 count
00:00:07.400663 /GMM/cLeftBehindSharedPages             0 pages
00:00:07.400665 /GMM/cMaxPages                   4294967295 pages
00:00:07.400667 /GMM/cOverCommittedPages                0 pages
00:00:07.400669 /GMM/cReservedPages                269475 pages
00:00:07.400671 /GMM/cShareableModules                  0 count
00:00:07.400673 /GMM/cSharedPages                       0 pages
00:00:07.400677 GUI: UIFrameBufferPrivate::performResize: Size=640x480, Using fallback buffer since no source bitmap is provided
00:00:07.400703 /GVMM/EMTs                              1 calls
00:00:07.400708 /GVMM/HostCPUs                          4 calls
00:00:07.400710 /GVMM/HostCpus/0                        0 
00:00:07.400713 /GVMM/HostCpus/0/CurTimerHz             0 Hz
00:00:07.400715 /GVMM/HostCpus/0/DesiredHz              0 Hz
00:00:07.400719 /GVMM/HostCpus/0/PPTChanges             0 times
00:00:07.400724 /GVMM/HostCpus/0/PPTStarts              0 times
00:00:07.400726 /GVMM/HostCpus/0/idxCpuSet              0 
00:00:07.400729 /GVMM/HostCpus/1                        1 
00:00:07.400731 /GVMM/HostCpus/1/CurTimerHz             0 Hz
00:00:07.400733 /GVMM/HostCpus/1/DesiredHz              0 Hz
00:00:07.400735 /GVMM/HostCpus/1/PPTChanges             0 times
00:00:07.400738 /GVMM/HostCpus/1/PPTStarts              0 times
00:00:07.400740 /GVMM/HostCpus/1/idxCpuSet              1 
00:00:07.400742 /GVMM/HostCpus/2                        2 
00:00:07.400744 /GVMM/HostCpus/2/CurTimerHz             0 Hz
00:00:07.400746 /GVMM/HostCpus/2/DesiredHz              0 Hz
00:00:07.400749 /GVMM/HostCpus/2/PPTChanges             0 times
00:00:07.400751 /GVMM/HostCpus/2/PPTStarts              0 times
00:00:07.400755 /GVMM/HostCpus/2/idxCpuSet              2 
00:00:07.400759 /GVMM/HostCpus/3                        3 
00:00:07.400763 /GVMM/HostCpus/3/CurTimerHz             0 Hz
00:00:07.400767 /GVMM/HostCpus/3/DesiredHz              0 Hz
00:00:07.400769 /GVMM/HostCpus/3/PPTChanges             0 times
00:00:07.400773 /GVMM/HostCpus/3/PPTStarts              0 times
00:00:07.400776 /GVMM/HostCpus/3/idxCpuSet              3 
00:00:07.400779 /GVMM/Sum/HaltBlocking                948 calls
00:00:07.400782 /GVMM/Sum/HaltCalls                  2807 calls
00:00:07.400789 /GVMM/Sum/HaltNotBlocking            1859 calls
00:00:07.400793 /GVMM/Sum/HaltTimeouts                670 calls
00:00:07.400796 /GVMM/Sum/HaltWakeUps                   0 calls
00:00:07.400799 /GVMM/Sum/PokeCalls                     1 calls
00:00:07.400803 /GVMM/Sum/PokeNotBusy                   1 calls
00:00:07.400806 /GVMM/Sum/PollCalls                    10 calls
00:00:07.400809 /GVMM/Sum/PollHalts                     0 calls
00:00:07.400813 /GVMM/Sum/PollWakeUps                   0 calls
00:00:07.400816 /GVMM/Sum/WakeUpCalls                 307 calls
00:00:07.400819 /GVMM/Sum/WakeUpNotHalted             207 calls
00:00:07.400822 /GVMM/Sum/WakeUpWakeUps                 0 calls
00:00:07.400825 /GVMM/VM/HaltBlocking                 948 calls
00:00:07.400829 /GVMM/VM/HaltCalls                   2807 calls
00:00:07.400832 /GVMM/VM/HaltNotBlocking             1859 calls
00:00:07.400837 /GVMM/VM/HaltTimeouts                 670 calls
00:00:07.400840 /GVMM/VM/HaltWakeUps                    0 calls
00:00:07.400843 /GVMM/VM/PokeCalls                      1 calls
00:00:07.400847 /GVMM/VM/PokeNotBusy                    1 calls
00:00:07.400851 /GVMM/VM/PollCalls                     10 calls
00:00:07.400855 /GVMM/VM/PollHalts                      0 calls
00:00:07.400859 /GVMM/VM/PollWakeUps                    0 calls
00:00:07.400862 /GVMM/VM/WakeUpCalls                  307 calls
00:00:07.400865 /GVMM/VM/WakeUpNotHalted              207 calls
00:00:07.400869 /GVMM/VM/WakeUpWakeUps                  0 calls
00:00:07.400872 /GVMM/VMs                               1 calls
00:00:07.400876 /HM/CPU0/Exit/HostNmiInGC               0 times
00:00:07.400880 /IEM/CPU0/cInstructions              2500 count
00:00:07.400883 /IEM/CPU0/cPendingCommit                0 bytes
00:00:07.400887 /IEM/CPU0/cPotentialExits           37269 count
00:00:07.400891 /IEM/CPU0/cRetAspectNotImplemented        0 count
00:00:07.400896 /IEM/CPU0/cRetErrStatuses               0 count
00:00:07.400900 /IEM/CPU0/cRetInfStatuses               2 count
00:00:07.400903 /IEM/CPU0/cRetInstrNotImplemented        0 count
00:00:07.400906 /IEM/CPU0/cbWritten                 70248 bytes
00:00:07.400909 /MM/HyperHeap/cbFree               887488 bytes
00:00:07.400913 /MM/HyperHeap/cbHeap              1048256 bytes
00:00:07.400970 /PDM/BlkCache/cbCached                  0 bytes
00:00:07.400995 /PDM/BlkCache/cbCachedFru               0 bytes
00:00:07.401000 /PDM/BlkCache/cbCachedMruIn             0 bytes
00:00:07.401002 /PDM/BlkCache/cbCachedMruOut            0 bytes
00:00:07.401006 /PDM/BlkCache/cbMax               5242880 bytes
00:00:07.401013 /PDM/CritSects/8237A#0Auto/ContentionR3        0 times
00:00:07.401020 /PDM/CritSects/8237A#0Auto/ContentionRZLock        0 times
00:00:07.401024 /PDM/CritSects/8237A#0Auto/ContentionRZUnlock        0 times
00:00:07.401028 /PDM/CritSects/ATA#0-Ctl/ContentionR3        0 times
00:00:07.401031 /PDM/CritSects/ATA#0-Ctl/ContentionRZLock        1 times
00:00:07.401034 /PDM/CritSects/ATA#0-Ctl/ContentionRZUnlock        0 times
00:00:07.401037 /PDM/CritSects/ATA#0-Req/ContentionR3        0 times
00:00:07.401040 /PDM/CritSects/ATA#0-Req/ContentionRZLock        0 times
00:00:07.401042 /PDM/CritSects/ATA#0-Req/ContentionRZUnlock        0 times
00:00:07.401045 /PDM/CritSects/ATA#1-Ctl/ContentionR3        0 times
00:00:07.401049 /PDM/CritSects/ATA#1-Ctl/ContentionRZLock        0 times
00:00:07.401052 /PDM/CritSects/ATA#1-Ctl/ContentionRZUnlock        0 times
00:00:07.401055 /PDM/CritSects/ATA#1-Req/ContentionR3        0 times
00:00:07.401057 /PDM/CritSects/ATA#1-Req/ContentionRZLock        0 times
00:00:07.401060 /PDM/CritSects/ATA#1-Req/ContentionRZUnlock        0 times
00:00:07.401063 /PDM/CritSects/EM-REM/ContentionR3        0 times
00:00:07.401066 /PDM/CritSects/EM-REM/ContentionRZLock        0 times
00:00:07.401069 /PDM/CritSects/EM-REM/ContentionRZUnlock        0 times
00:00:07.401072 /PDM/CritSects/FTM/ContentionR3         0 times
00:00:07.401075 /PDM/CritSects/FTM/ContentionRZLock        0 times
00:00:07.401077 /PDM/CritSects/FTM/ContentionRZUnlock        0 times
00:00:07.401083 /PDM/CritSects/MM-HYPER/ContentionR3        0 times
00:00:07.401086 /PDM/CritSects/MM-HYPER/ContentionRZLock        0 times
00:00:07.401089 /PDM/CritSects/MM-HYPER/ContentionRZUnlock        0 times
00:00:07.401093 /PDM/CritSects/NOP/ContentionR3         0 times
00:00:07.401096 /PDM/CritSects/NOP/ContentionRZLock        0 times
00:00:07.401098 /PDM/CritSects/NOP/ContentionRZUnlock        0 times
00:00:07.401101 /PDM/CritSects/OHCI#0Irq/ContentionR3        0 times
00:00:07.401104 /PDM/CritSects/OHCI#0Irq/ContentionRZLock        0 times
00:00:07.401107 /PDM/CritSects/OHCI#0Irq/ContentionRZUnlock        0 times
00:00:07.401110 /PDM/CritSects/PCNet#0/ContentionR3        0 times
00:00:07.401113 /PDM/CritSects/PCNet#0/ContentionRZLock        0 times
00:00:07.401117 /PDM/CritSects/PCNet#0/ContentionRZUnlock        0 times
00:00:07.401120 /PDM/CritSects/PDM/ContentionR3         0 times
00:00:07.401123 /PDM/CritSects/PDM/ContentionRZLock        0 times
00:00:07.401126 /PDM/CritSects/PDM/ContentionRZUnlock        0 times
00:00:07.401129 /PDM/CritSects/PGM/ContentionR3         0 times
00:00:07.401132 /PDM/CritSects/PGM/ContentionRZLock        0 times
00:00:07.401135 /PDM/CritSects/PGM/ContentionRZUnlock        0 times
00:00:07.401138 /PDM/CritSects/REM-Register/ContentionR3        0 times
00:00:07.401141 /PDM/CritSects/REM-Register/ContentionRZLock        0 times
00:00:07.401144 /PDM/CritSects/REM-Register/ContentionRZUnlock        0 times
00:00:07.401148 /PDM/CritSects/TM Timer Lock/ContentionR3        0 times
00:00:07.401151 /PDM/CritSects/TM Timer Lock/ContentionRZLock        0 times
00:00:07.401154 /PDM/CritSects/TM Timer Lock/ContentionRZUnlock        0 times
00:00:07.401156 /PDM/CritSects/TM VirtualSync Lock/ContentionR3        0 times
00:00:07.401159 /PDM/CritSects/TM VirtualSync Lock/ContentionRZLock        0 times
00:00:07.401162 /PDM/CritSects/TM VirtualSync Lock/ContentionRZUnlock        0 times
00:00:07.401165 /PDM/CritSects/VGA#0/ContentionR3        0 times
00:00:07.401169 /PDM/CritSects/VGA#0/ContentionRZLock        0 times
00:00:07.401172 /PDM/CritSects/VGA#0/ContentionRZUnlock        0 times
00:00:07.401175 /PDM/CritSects/VMMDev#0/ContentionR3        0 times
00:00:07.401178 /PDM/CritSects/VMMDev#0/ContentionRZLock        0 times
00:00:07.401181 /PDM/CritSects/VMMDev#0/ContentionRZUnlock        0 times
00:00:07.401184 /PDM/CritSects/acpi#0/ContentionR3        0 times
00:00:07.401187 /PDM/CritSects/acpi#0/ContentionRZLock        0 times
00:00:07.401190 /PDM/CritSects/acpi#0/ContentionRZUnlock        0 times
00:00:07.401196 /PDM/CritSects/ichac97#0Auto/ContentionR3        0 times
00:00:07.401201 /PDM/CritSects/ichac97#0Auto/ContentionRZLock        0 times
00:00:07.401204 /PDM/CritSects/ichac97#0Auto/ContentionRZUnlock        0 times
00:00:07.401207 /PDM/CritSects/mc146818#0Auto/ContentionR3        0 times
00:00:07.401210 /PDM/CritSects/mc146818#0Auto/ContentionRZLock        0 times
00:00:07.401217 ERROR [COM]: aRC=E_ACCESSDENIED (0x80070005) aIID={872da645-4a9b-1727-bee2-5585105b9eed} aComponent={ConsoleWrap} aText={The virtual machine is being powered down}, preserve=false aResultDetail=0
00:00:07.401271 /PDM/CritSects/mc146818#0Auto/ContentionRZUnlock        0 times
00:00:07.401279 /PDM/CritSects/pcarch#0Auto/ContentionR3        0 times
00:00:07.401282 /PDM/CritSects/pcarch#0Auto/ContentionRZLock        0 times
00:00:07.401286 /PDM/CritSects/pcarch#0Auto/ContentionRZUnlock        0 times
00:00:07.401289 /PDM/CritSects/pcbios#0Auto/ContentionR3        0 times
00:00:07.401292 /PDM/CritSects/pcbios#0Auto/ContentionRZLock        0 times
00:00:07.401294 /PDM/CritSects/pcbios#0Auto/ContentionRZUnlock        0 times
00:00:07.401297 /PDM/CritSects/pckbd#0Auto/ContentionR3        0 times
00:00:07.401300 /PDM/CritSects/pckbd#0Auto/ContentionRZLock        0 times
00:00:07.401303 /PDM/CritSects/pckbd#0Auto/ContentionRZUnlock        0 times
00:00:07.401306 /PDM/CritSects/pit#0/ContentionR3        0 times
00:00:07.401309 /PDM/CritSects/pit#0/ContentionRZLock        0 times
00:00:07.401312 /PDM/CritSects/pit#0/ContentionRZUnlock        0 times
00:00:07.401315 /PDM/CritSects/usb-ohci#0Auto/ContentionR3        0 times
00:00:07.401319 /PDM/CritSects/usb-ohci#0Auto/ContentionRZLock        0 times
00:00:07.401322 /PDM/CritSects/usb-ohci#0Auto/ContentionRZUnlock        0 times
00:00:07.401325 /PDM/CritSectsRw/IOM Lock/ContentionR3EnterExcl        0 times
00:00:07.401328 /PDM/CritSectsRw/IOM Lock/ContentionR3EnterShared        0 times
00:00:07.401331 /PDM/CritSectsRw/IOM Lock/ContentionRZEnterExcl        0 times
00:00:07.401335 /PDM/CritSectsRw/IOM Lock/ContentionRZEnterShared        0 times
00:00:07.401338 /PDM/CritSectsRw/IOM Lock/ContentionRZLeaveExcl        0 times
00:00:07.401341 /PDM/CritSectsRw/IOM Lock/ContentionRZLeaveShared        0 times
00:00:07.401344 /PDM/CritSectsRw/IOM Lock/R3EnterExcl      190 times
00:00:07.401348 /PDM/CritSectsRw/IOM Lock/R3EnterShared    15729 times
00:00:07.401351 /PDM/CritSectsRw/IOM Lock/RZEnterExcl        0 times
00:00:07.401354 /PDM/CritSectsRw/IOM Lock/RZEnterShared    58211 times
00:00:07.401357 /PDM/Queue/DevHlp/AllocFailures         0 times
00:00:07.401361 /PDM/Queue/DevHlp/Flush                 0 calls
00:00:07.401364 /PDM/Queue/DevHlp/FlushLeftovers        0 times
00:00:07.401367 /PDM/Queue/DevHlp/Insert                0 calls
00:00:07.401370 /PDM/Queue/DevHlp/cItems                8 count
00:00:07.401374 /PDM/Queue/DevHlp/cbItem               56 bytes
00:00:07.401377 /PDM/Queue/Keyboard/AllocFailures        0 times
00:00:07.401381 /PDM/Queue/Keyboard/Flush               0 calls
00:00:07.401384 /PDM/Queue/Keyboard/FlushLeftovers        0 times
00:00:07.401387 /PDM/Queue/Keyboard/Insert              0 calls
00:00:07.401391 /PDM/Queue/Keyboard/cItems             64 count
00:00:07.401394 /PDM/Queue/Keyboard/cbItem             32 bytes
00:00:07.401397 /PDM/Queue/Mouse/AllocFailures          0 times
00:00:07.401400 /PDM/Queue/Mouse/Flush                  0 calls
00:00:07.401404 /PDM/Queue/Mouse/FlushLeftovers         0 times
00:00:07.401407 /PDM/Queue/Mouse/Insert                 0 calls
00:00:07.401411 /PDM/Queue/Mouse/cItems               128 count
00:00:07.401414 /PDM/Queue/Mouse/cbItem                48 bytes
00:00:07.401418 /PDM/Queue/PCNet-Rcv/AllocFailures        0 times
00:00:07.401421 /PDM/Queue/PCNet-Rcv/Flush              0 calls
00:00:07.401425 /PDM/Queue/PCNet-Rcv/FlushLeftovers        0 times
00:00:07.401428 /PDM/Queue/PCNet-Rcv/Insert             0 calls
00:00:07.401432 /PDM/Queue/PCNet-Rcv/cItems             1 count
00:00:07.401439 /PDM/Queue/PCNet-Rcv/cbItem            24 bytes
00:00:07.401445 /PDM/Queue/PCNet-Xmit/AllocFailures        0 times
00:00:07.401448 /PDM/Queue/PCNet-Xmit/Flush             0 calls
00:00:07.401452 /PDM/Queue/PCNet-Xmit/FlushLeftovers        0 times
00:00:07.401456 /PDM/Queue/PCNet-Xmit/Insert            0 calls
00:00:07.401459 /PDM/Queue/PCNet-Xmit/cItems            1 count
00:00:07.401463 /PDM/Queue/PCNet-Xmit/cbItem           24 bytes
00:00:07.401467 /PGM/CPU0/cA20Changes                   2 times
00:00:07.401470 /PGM/CPU0/cGuestModeChanges          8728 times
00:00:07.401473 /PGM/ChunkR3Map/Mapped                  5 count
00:00:07.401476 /PGM/ChunkR3Map/Unmapped                0 count
00:00:07.401479 /PGM/ChunkR3Map/c                       5 count
00:00:07.401482 /PGM/ChunkR3Map/cMax             4294967295 count
00:00:07.401485 /PGM/LargePage/Recheck                  0 times
00:00:07.401489 /PGM/LargePage/Refused                  1 times
00:00:07.401492 /PGM/LargePage/Reused                   0 times
00:00:07.401496 /PGM/Page/cAllPages                269349 count
00:00:07.401499 /PGM/Page/cBalloonedPages               0 count
00:00:07.401503 /PGM/Page/cHandyPages                  33 count
00:00:07.401506 /PGM/Page/cLargePages                   3 count
00:00:07.401509 /PGM/Page/cLargePagesDisabled           0 count
00:00:07.401512 /PGM/Page/cMonitoredPages               0 count
00:00:07.401516 /PGM/Page/cPrivatePages              9220 count
00:00:07.401519 /PGM/Page/cPureMmioPages                3 count
00:00:07.401522 /PGM/Page/cReadLockedPages              0 count
00:00:07.401526 /PGM/Page/cReusedSharedPages            0 count
00:00:07.401529 /PGM/Page/cSharedPages                  0 count
00:00:07.401532 /PGM/Page/cWriteLockedPages             0 count
00:00:07.401535 /PGM/Page/cWrittenToPages               0 count
00:00:07.401538 /PGM/Page/cZeroPages               260126 count
00:00:07.401542 /PGM/ShMod/Check                        0 ticks/call (           0 ticks,       0 times, max         0, min      -1)
00:00:07.401547 /PGM/cRelocations                       0 times
00:00:07.401551 /PROF/CPU0/EM/Capped                    0 ticks/call (           0 ticks,       0 times, max         0, min      -1)
00:00:07.401555 /PROF/CPU0/EM/ForcedActions           918 times
00:00:07.401559 /PROF/CPU0/EM/Halted                  241 times
00:00:07.401562 /PROF/CPU0/EM/RAWTotal                  0 times
00:00:07.401565 /PROF/CPU0/EM/REMTotal                  2 times
00:00:07.401568 /PROF/CPU0/EM/Total              9658511493 ticks/call (  9658511493 ticks,       1 times, max 9658511493, min 9658511493)
00:00:07.401574 /PROF/CPU0/VM/Halt/Block          1184568 ns/call (  3319160377 ticks,    2802 times, max   6046642, min       1)
00:00:07.401579 /PROF/CPU0/VM/Halt/BlockInsomnia        0 ns/call (           0 ticks,       0 times, max         0, min      -1)
00:00:07.401583 /PROF/CPU0/VM/Halt/BlockOnTime          0 ns/call (           0 ticks,       0 times, max         0, min      -1)
00:00:07.401587 /PROF/CPU0/VM/Halt/BlockOverslept        0 ns/call (           0 ticks,       0 times, max         0, min      -1)
00:00:07.401591 /PROF/CPU0/VM/Halt/Timers            1445 ns/call (    21403470 ticks,   14811 times, max    577983, min       2)
00:00:07.401596 /PROF/CPU0/VM/Halt/Yield            16405 ns/call (      164058 ticks,      10 times, max     42458, min    9863)
00:00:07.401600 /Public/Net/PCNet0/BytesReceived        0 bytes
00:00:07.401603 /Public/Net/PCNet0/BytesTransmitted        0 bytes
00:00:07.401607 /REM/TbFlushCount                       0 times
00:00:07.401611 /REM/TbPhysInvldCount                   0 times
00:00:07.401615 /REM/TlbFlushCount                      3 times
00:00:07.401619 /SELM/LoadHidSel/GstReadErrors          0 times
00:00:07.401623 /SELM/LoadHidSel/NoGoodGuest            0 times
00:00:07.401626 /TM/CPU/00/cNsExecuting          58827771 ns
00:00:07.401630 /TM/CPU/00/cNsHalted             3344013086 ns
00:00:07.402039 /TM/CPU/00/cNsOther              320402245 ns
00:00:07.402069 /TM/CPU/00/cNsTotal              3723243102 ns
00:00:07.402074 /TM/CPU/00/cPeriodsExecuting        31803 count
00:00:07.402078 /TM/CPU/00/cPeriodsHalted             241 count
00:00:07.402081 /TM/CPU/00/pctExecuting                 5 %
00:00:07.402084 /TM/CPU/00/pctHalted                   72 %
00:00:07.402088 /TM/CPU/00/pctOther                    21 %
00:00:07.402091 /TM/CPU/pctExecuting                    5 %
00:00:07.402095 /TM/CPU/pctHalted                      72 %
00:00:07.402098 /TM/CPU/pctOther                       21 %
00:00:07.402101 /TM/MaxHzHint                           0 Hz
00:00:07.402105 /TM/R0/1nsSteps                         1 times
00:00:07.402108 /TM/R3/1nsSteps                        18 times
00:00:07.402112 /TM/TSC/offCPU0                         0 ticks
00:00:07.402115 /TM/VirtualSync/CurrentOffset          80 ns
00:00:07.402119 /VUSB/0/cUrbsInPool                     0 count
00:00:07.402123 ********************* End of statistics **********************
00:00:07.405306 NAT: zone(nm:mbuf_cluster, used:0)
00:00:07.405977 NAT: zone(nm:mbuf_packet, used:0)
00:00:07.405986 NAT: zone(nm:mbuf, used:0)
00:00:07.406196 NAT: zone(nm:mbuf_jumbo_pagesize, used:0)
00:00:07.406836 NAT: zone(nm:mbuf_jumbo_9k, used:0)
00:00:07.407170 NAT: zone(nm:mbuf_jumbo_16k, used:0)
00:00:07.407343 NAT: zone(nm:mbuf_ext_refcnt, used:0)
00:00:07.409487 Changing the VM state from 'DESTROYING' to 'TERMINATED'
00:00:07.428127 Console: Machine state changed to 'PoweredOff'
